{"/home/travis/build/npmtest/node-npmtest-mailchimp/test.js":{"path":"/home/travis/build/npmtest/node-npmtest-mailchimp/test.js","s":{"1":2,"2":2,"3":2,"4":2,"5":2,"6":2,"7":2,"8":1,"9":2,"10":2,"11":1,"12":1,"13":1,"14":1,"15":2,"16":2,"17":2,"18":2,"19":1,"20":1,"21":2,"22":2,"23":2,"24":1,"25":1,"26":1,"27":1,"28":1,"29":1,"30":1,"31":1,"32":1,"33":1,"34":1,"35":1,"36":1,"37":1,"38":1,"39":2,"40":2,"41":1,"42":2,"43":2,"44":1,"45":2,"46":2,"47":1,"48":2,"49":2,"50":1,"51":1,"52":1,"53":1,"54":1},"b":{"1":[2,1,1,1],"2":[1,1,1,1],"3":[1,1],"4":[1,1],"5":[1,1],"6":[1,1],"7":[1,1],"8":[1,1],"9":[1,1],"10":[1,1,1],"11":[1,1],"12":[1,1],"13":[1,1],"14":[1,1],"15":[1,1],"16":[1,1],"17":[1,1]},"f":{"1":2,"2":2,"3":2,"4":2,"5":2,"6":1,"7":1,"8":1,"9":2,"10":2,"11":2,"12":2,"13":1},"fnMap":{"1":{"name":"(anonymous_1)","line":12,"loc":{"start":{"line":12,"column":1},"end":{"line":12,"column":13}}},"2":{"name":"(anonymous_2)","line":19,"loc":{"start":{"line":19,"column":5},"end":{"line":19,"column":17}}},"3":{"name":"(anonymous_3)","line":23,"loc":{"start":{"line":23,"column":24},"end":{"line":23,"column":36}}},"4":{"name":"(anonymous_4)","line":61,"loc":{"start":{"line":61,"column":5},"end":{"line":61,"column":17}}},"5":{"name":"(anonymous_5)","line":82,"loc":{"start":{"line":82,"column":5},"end":{"line":82,"column":17}}},"6":{"name":"(anonymous_6)","line":91,"loc":{"start":{"line":91,"column":77},"end":{"line":94,"column":10}}},"7":{"name":"(anonymous_7)","line":112,"loc":{"start":{"line":112,"column":83},"end":{"line":115,"column":10}},"skip":true},"8":{"name":"(anonymous_8)","line":123,"loc":{"start":{"line":123,"column":77},"end":{"line":126,"column":10}},"skip":true},"9":{"name":"(anonymous_9)","line":139,"loc":{"start":{"line":139,"column":12},"end":{"line":139,"column":40}},"skip":true},"10":{"name":"(anonymous_10)","line":147,"loc":{"start":{"line":147,"column":77},"end":{"line":150,"column":10}},"skip":true},"11":{"name":"(anonymous_11)","line":158,"loc":{"start":{"line":158,"column":83},"end":{"line":161,"column":10}},"skip":true},"12":{"name":"(anonymous_12)","line":169,"loc":{"start":{"line":169,"column":79},"end":{"line":172,"column":10}},"skip":true},"13":{"name":"(anonymous_13)","line":180,"loc":{"start":{"line":180,"column":75},"end":{"line":183,"column":10}},"skip":true}},"statementMap":{"1":{"start":{"line":12,"column":0},"end":{"line":195,"column":5}},"2":{"start":{"line":14,"column":4},"end":{"line":14,"column":14}},"3":{"start":{"line":19,"column":4},"end":{"line":56,"column":9}},"4":{"start":{"line":21,"column":8},"end":{"line":21,"column":19}},"5":{"start":{"line":23,"column":8},"end":{"line":35,"column":13}},"6":{"start":{"line":24,"column":12},"end":{"line":34,"column":13}},"7":{"start":{"line":25,"column":16},"end":{"line":28,"column":30}},"8":{"start":{"line":30,"column":16},"end":{"line":33,"column":27}},"9":{"start":{"line":37,"column":8},"end":{"line":39,"column":21}},"10":{"start":{"line":40,"column":8},"end":{"line":53,"column":9}},"11":{"start":{"line":43,"column":12},"end":{"line":46,"column":14}},"12":{"start":{"line":47,"column":12},"end":{"line":47,"column":18}},"13":{"start":{"line":50,"column":12},"end":{"line":51,"column":33}},"14":{"start":{"line":52,"column":12},"end":{"line":52,"column":18}},"15":{"start":{"line":55,"column":8},"end":{"line":55,"column":35}},"16":{"start":{"line":61,"column":4},"end":{"line":63,"column":9}},"17":{"start":{"line":62,"column":8},"end":{"line":62,"column":15}},"18":{"start":{"line":64,"column":4},"end":{"line":77,"column":5}},"19":{"start":{"line":70,"column":8},"end":{"line":70,"column":14}},"20":{"start":{"line":76,"column":8},"end":{"line":76,"column":14}},"21":{"start":{"line":82,"column":4},"end":{"line":84,"column":9}},"22":{"start":{"line":83,"column":8},"end":{"line":83,"column":15}},"23":{"start":{"line":85,"column":4},"end":{"line":194,"column":5}},"24":{"start":{"line":91,"column":8},"end":{"line":99,"column":10}},"25":{"start":{"line":98,"column":12},"end":{"line":98,"column":35}},"26":{"start":{"line":102,"column":8},"end":{"line":104,"column":63}},"27":{"start":{"line":105,"column":8},"end":{"line":105,"column":14}},"28":{"start":{"line":112,"column":8},"end":{"line":121,"column":10},"skip":true},"29":{"start":{"line":119,"column":12},"end":{"line":119,"column":55},"skip":true},"30":{"start":{"line":120,"column":12},"end":{"line":120,"column":48},"skip":true},"31":{"start":{"line":123,"column":8},"end":{"line":136,"column":10},"skip":true},"32":{"start":{"line":130,"column":12},"end":{"line":130,"column":76},"skip":true},"33":{"start":{"line":131,"column":12},"end":{"line":131,"column":73},"skip":true},"34":{"start":{"line":132,"column":12},"end":{"line":132,"column":74},"skip":true},"35":{"start":{"line":133,"column":12},"end":{"line":133,"column":79},"skip":true},"36":{"start":{"line":134,"column":12},"end":{"line":134,"column":25},"skip":true},"37":{"start":{"line":135,"column":12},"end":{"line":135,"column":45},"skip":true},"38":{"start":{"line":138,"column":8},"end":{"line":145,"column":14},"skip":true},"39":{"start":{"line":143,"column":16},"end":{"line":143,"column":29},"skip":true},"40":{"start":{"line":144,"column":16},"end":{"line":144,"column":55},"skip":true},"41":{"start":{"line":147,"column":8},"end":{"line":156,"column":10},"skip":true},"42":{"start":{"line":154,"column":12},"end":{"line":154,"column":25},"skip":true},"43":{"start":{"line":155,"column":12},"end":{"line":155,"column":45},"skip":true},"44":{"start":{"line":158,"column":8},"end":{"line":167,"column":10},"skip":true},"45":{"start":{"line":165,"column":12},"end":{"line":165,"column":25},"skip":true},"46":{"start":{"line":166,"column":12},"end":{"line":166,"column":48},"skip":true},"47":{"start":{"line":169,"column":8},"end":{"line":178,"column":10},"skip":true},"48":{"start":{"line":176,"column":12},"end":{"line":176,"column":25},"skip":true},"49":{"start":{"line":177,"column":12},"end":{"line":177,"column":46},"skip":true},"50":{"start":{"line":180,"column":8},"end":{"line":189,"column":10},"skip":true},"51":{"start":{"line":187,"column":12},"end":{"line":187,"column":94},"skip":true},"52":{"start":{"line":188,"column":12},"end":{"line":188,"column":48},"skip":true},"53":{"start":{"line":192,"column":8},"end":{"line":192,"column":35},"skip":true},"54":{"start":{"line":193,"column":8},"end":{"line":193,"column":14},"skip":true}},"branchMap":{"1":{"line":25,"type":"binary-expr","locations":[{"start":{"line":25,"column":23},"end":{"line":25,"column":62}},{"start":{"line":26,"column":20},"end":{"line":26,"column":70}},{"start":{"line":27,"column":20},"end":{"line":27,"column":71}},{"start":{"line":28,"column":20},"end":{"line":28,"column":29}}]},"2":{"line":30,"type":"binary-expr","locations":[{"start":{"line":30,"column":23},"end":{"line":30,"column":37}},{"start":{"line":31,"column":20},"end":{"line":31,"column":61}},{"start":{"line":32,"column":20},"end":{"line":32,"column":70}},{"start":{"line":33,"column":20},"end":{"line":33,"column":26}}]},"3":{"line":37,"type":"cond-expr","locations":[{"start":{"line":38,"column":14},"end":{"line":38,"column":20}},{"start":{"line":39,"column":14},"end":{"line":39,"column":20}}]},"4":{"line":40,"type":"switch","locations":[{"start":{"line":42,"column":8},"end":{"line":47,"column":18}},{"start":{"line":49,"column":8},"end":{"line":52,"column":18}}]},"5":{"line":44,"type":"binary-expr","locations":[{"start":{"line":44,"column":16},"end":{"line":44,"column":44}},{"start":{"line":44,"column":48},"end":{"line":44,"column":66}}]},"6":{"line":50,"type":"binary-expr","locations":[{"start":{"line":50,"column":21},"end":{"line":50,"column":49}},{"start":{"line":50,"column":53},"end":{"line":50,"column":72}}]},"7":{"line":64,"type":"switch","locations":[{"start":{"line":69,"column":4},"end":{"line":70,"column":14}},{"start":{"line":75,"column":4},"end":{"line":76,"column":14}}]},"8":{"line":85,"type":"switch","locations":[{"start":{"line":90,"column":4},"end":{"line":105,"column":14}},{"start":{"line":111,"column":4},"end":{"line":193,"column":14},"skip":true}]},"9":{"line":91,"type":"binary-expr","locations":[{"start":{"line":91,"column":42},"end":{"line":91,"column":73}},{"start":{"line":91,"column":77},"end":{"line":99,"column":9}}]},"10":{"line":102,"type":"binary-expr","locations":[{"start":{"line":102,"column":18},"end":{"line":102,"column":32}},{"start":{"line":103,"column":12},"end":{"line":103,"column":53}},{"start":{"line":104,"column":12},"end":{"line":104,"column":61}}]},"11":{"line":112,"type":"binary-expr","locations":[{"start":{"line":112,"column":45},"end":{"line":112,"column":79},"skip":true},{"start":{"line":112,"column":83},"end":{"line":121,"column":9},"skip":true}]},"12":{"line":123,"type":"binary-expr","locations":[{"start":{"line":123,"column":42},"end":{"line":123,"column":73},"skip":true},{"start":{"line":123,"column":77},"end":{"line":136,"column":9},"skip":true}]},"13":{"line":138,"type":"binary-expr","locations":[{"start":{"line":138,"column":48},"end":{"line":138,"column":85},"skip":true},{"start":{"line":139,"column":12},"end":{"line":145,"column":13},"skip":true}]},"14":{"line":147,"type":"binary-expr","locations":[{"start":{"line":147,"column":42},"end":{"line":147,"column":73},"skip":true},{"start":{"line":147,"column":77},"end":{"line":156,"column":9},"skip":true}]},"15":{"line":158,"type":"binary-expr","locations":[{"start":{"line":158,"column":45},"end":{"line":158,"column":79},"skip":true},{"start":{"line":158,"column":83},"end":{"line":167,"column":9},"skip":true}]},"16":{"line":169,"type":"binary-expr","locations":[{"start":{"line":169,"column":43},"end":{"line":169,"column":75},"skip":true},{"start":{"line":169,"column":79},"end":{"line":178,"column":9},"skip":true}]},"17":{"line":180,"type":"binary-expr","locations":[{"start":{"line":180,"column":41},"end":{"line":180,"column":71},"skip":true},{"start":{"line":180,"column":75},"end":{"line":189,"column":9},"skip":true}]}},"code":["/* istanbul instrument in package npmtest_mailchimp */","/*jslint","    bitwise: true,","    browser: true,","    maxerr: 8,","    maxlen: 96,","    node: true,","    nomen: true,","    regexp: true,","    stupid: true","*/","(function () {","    'use strict';","    var local;","","","","    // run shared js-env code - pre-init","    (function () {","        // init local","        local = {};","        // init modeJs","        local.modeJs = (function () {","            try {","                return typeof navigator.userAgent === 'string' &&","                    typeof document.querySelector('body') === 'object' &&","                    typeof XMLHttpRequest.prototype.open === 'function' &&","                    'browser';","            } catch (errorCaughtBrowser) {","                return module.exports &&","                    typeof process.versions.node === 'string' &&","                    typeof require('http').createServer === 'function' &&","                    'node';","            }","        }());","        // init global","        local.global = local.modeJs === 'browser'","            ? window","            : global;","        switch (local.modeJs) {","        // re-init local from window.local","        case 'browser':","            local = local.global.utility2.objectSetDefault(","                local.global.utility2_rollup || local.global.local,","                local.global.utility2","            );","            break;","        // re-init local from example.js","        case 'node':","            local = (local.global.utility2_rollup || require('utility2'))","                .requireReadme();","            break;","        }","        // export local","        local.global.local = local;","    }());","","","","    // run shared js-env code - function","    (function () {","        return;","    }());","    switch (local.modeJs) {","","","","    // run browser js-env code - function","    case 'browser':","        break;","","","","    // run node js-env code - function","    case 'node':","        break;","    }","","","","    // run shared js-env code - post-init","    (function () {","        return;","    }());","    switch (local.modeJs) {","","","","    // run browser js-env code - post-init","    case 'browser':","        local.testCase_browser_nullCase = local.testCase_browser_nullCase || function (","            options,","            onError","        ) {","        /*","         * this function will test browsers's null-case handling-behavior-behavior","         */","            onError(null, options);","        };","","        // run tests","        local.nop(local.modeTest &&","            document.querySelector('#testRunButton1') &&","            document.querySelector('#testRunButton1').click());","        break;","","","","    // run node js-env code - post-init","    /* istanbul ignore next */","    case 'node':","        local.testCase_buildApidoc_default = local.testCase_buildApidoc_default || function (","            options,","            onError","        ) {","        /*","         * this function will test buildApidoc's default handling-behavior-behavior","         */","            options = { modulePathList: module.paths };","            local.buildApidoc(options, onError);","        };","","        local.testCase_buildApp_default = local.testCase_buildApp_default || function (","            options,","            onError","        ) {","        /*","         * this function will test buildApp's default handling-behavior-behavior","         */","            local.testCase_buildReadme_default(options, local.onErrorThrow);","            local.testCase_buildLib_default(options, local.onErrorThrow);","            local.testCase_buildTest_default(options, local.onErrorThrow);","            local.testCase_buildCustomOrg_default(options, local.onErrorThrow);","            options = [];","            local.buildApp(options, onError);","        };","","        local.testCase_buildCustomOrg_default = local.testCase_buildCustomOrg_default ||","            function (options, onError) {","            /*","             * this function will test buildCustomOrg's default handling-behavior","             */","                options = {};","                local.buildCustomOrg(options, onError);","            };","","        local.testCase_buildLib_default = local.testCase_buildLib_default || function (","            options,","            onError","        ) {","        /*","         * this function will test buildLib's default handling-behavior","         */","            options = {};","            local.buildLib(options, onError);","        };","","        local.testCase_buildReadme_default = local.testCase_buildReadme_default || function (","            options,","            onError","        ) {","        /*","         * this function will test buildReadme's default handling-behavior-behavior","         */","            options = {};","            local.buildReadme(options, onError);","        };","","        local.testCase_buildTest_default = local.testCase_buildTest_default || function (","            options,","            onError","        ) {","        /*","         * this function will test buildTest's default handling-behavior","         */","            options = {};","            local.buildTest(options, onError);","        };","","        local.testCase_webpage_default = local.testCase_webpage_default || function (","            options,","            onError","        ) {","        /*","         * this function will test webpage's default handling-behavior","         */","            options = { modeCoverageMerge: true, url: local.serverLocalHost + '?modeTest=1' };","            local.browserTest(options, onError);","        };","","        // run test-server","        local.testRunServer(local);","        break;","    }","}());",""],"l":{"12":2,"14":2,"19":2,"21":2,"23":2,"24":2,"25":2,"30":1,"37":2,"40":2,"43":1,"47":1,"50":1,"52":1,"55":2,"61":2,"62":2,"64":2,"70":1,"76":1,"82":2,"83":2,"85":2,"91":1,"98":1,"102":1,"105":1,"112":1,"119":1,"120":1,"123":1,"130":1,"131":1,"132":1,"133":1,"134":1,"135":1,"138":1,"143":2,"144":2,"147":1,"154":2,"155":2,"158":1,"165":2,"166":2,"169":1,"176":2,"177":2,"180":1,"187":1,"188":1,"192":1,"193":1}},"/home/travis/build/npmtest/node-npmtest-mailchimp/lib.npmtest_mailchimp.js":{"path":"/home/travis/build/npmtest/node-npmtest-mailchimp/lib.npmtest_mailchimp.js","s":{"1":2,"2":2,"3":2,"4":2,"5":2,"6":2,"7":2,"8":1,"9":2,"10":2,"11":2,"12":2,"13":1,"14":1,"15":1,"16":1},"b":{"1":[2,1,1,1],"2":[1,1,1,1],"3":[1,1],"4":[2,2],"5":[1,1]},"f":{"1":2,"2":2,"3":2},"fnMap":{"1":{"name":"(anonymous_1)","line":12,"loc":{"start":{"line":12,"column":1},"end":{"line":12,"column":13}}},"2":{"name":"(anonymous_2)","line":19,"loc":{"start":{"line":19,"column":5},"end":{"line":19,"column":17}}},"3":{"name":"(anonymous_3)","line":23,"loc":{"start":{"line":23,"column":24},"end":{"line":23,"column":36}}}},"statementMap":{"1":{"start":{"line":12,"column":0},"end":{"line":53,"column":5}},"2":{"start":{"line":14,"column":4},"end":{"line":14,"column":14}},"3":{"start":{"line":19,"column":4},"end":{"line":52,"column":9}},"4":{"start":{"line":21,"column":8},"end":{"line":21,"column":19}},"5":{"start":{"line":23,"column":8},"end":{"line":35,"column":13}},"6":{"start":{"line":24,"column":12},"end":{"line":34,"column":13}},"7":{"start":{"line":25,"column":16},"end":{"line":28,"column":30}},"8":{"start":{"line":30,"column":16},"end":{"line":33,"column":27}},"9":{"start":{"line":37,"column":8},"end":{"line":39,"column":21}},"10":{"start":{"line":41,"column":8},"end":{"line":41,"column":54}},"11":{"start":{"line":43,"column":8},"end":{"line":43,"column":54}},"12":{"start":{"line":45,"column":8},"end":{"line":51,"column":9}},"13":{"start":{"line":46,"column":12},"end":{"line":46,"column":60}},"14":{"start":{"line":48,"column":12},"end":{"line":48,"column":35}},"15":{"start":{"line":49,"column":12},"end":{"line":49,"column":49}},"16":{"start":{"line":50,"column":12},"end":{"line":50,"column":43}}},"branchMap":{"1":{"line":25,"type":"binary-expr","locations":[{"start":{"line":25,"column":23},"end":{"line":25,"column":62}},{"start":{"line":26,"column":20},"end":{"line":26,"column":70}},{"start":{"line":27,"column":20},"end":{"line":27,"column":71}},{"start":{"line":28,"column":20},"end":{"line":28,"column":29}}]},"2":{"line":30,"type":"binary-expr","locations":[{"start":{"line":30,"column":23},"end":{"line":30,"column":37}},{"start":{"line":31,"column":20},"end":{"line":31,"column":61}},{"start":{"line":32,"column":20},"end":{"line":32,"column":70}},{"start":{"line":33,"column":20},"end":{"line":33,"column":26}}]},"3":{"line":37,"type":"cond-expr","locations":[{"start":{"line":38,"column":14},"end":{"line":38,"column":20}},{"start":{"line":39,"column":14},"end":{"line":39,"column":20}}]},"4":{"line":41,"type":"binary-expr","locations":[{"start":{"line":41,"column":16},"end":{"line":41,"column":44}},{"start":{"line":41,"column":48},"end":{"line":41,"column":53}}]},"5":{"line":45,"type":"if","locations":[{"start":{"line":45,"column":8},"end":{"line":45,"column":8}},{"start":{"line":45,"column":8},"end":{"line":45,"column":8}}]}},"code":["/* istanbul instrument in package npmtest_mailchimp */","/*jslint","    bitwise: true,","    browser: true,","    maxerr: 8,","    maxlen: 96,","    node: true,","    nomen: true,","    regexp: true,","    stupid: true","*/","(function () {","    'use strict';","    var local;","","","","    // run shared js-env code - pre-init","    (function () {","        // init local","        local = {};","        // init modeJs","        local.modeJs = (function () {","            try {","                return typeof navigator.userAgent === 'string' &&","                    typeof document.querySelector('body') === 'object' &&","                    typeof XMLHttpRequest.prototype.open === 'function' &&","                    'browser';","            } catch (errorCaughtBrowser) {","                return module.exports &&","                    typeof process.versions.node === 'string' &&","                    typeof require('http').createServer === 'function' &&","                    'node';","            }","        }());","        // init global","        local.global = local.modeJs === 'browser'","            ? window","            : global;","        // init utility2_rollup","        local = local.global.utility2_rollup || local;","        // init lib","        local.local = local.npmtest_mailchimp = local;","        // init exports","        if (local.modeJs === 'browser') {","            local.global.utility2_npmtest_mailchimp = local;","        } else {","            module.exports = local;","            module.exports.__dirname = __dirname;","            module.exports.module = module;","        }","    }());","}());",""],"l":{"12":2,"14":2,"19":2,"21":2,"23":2,"24":2,"25":2,"30":1,"37":2,"41":2,"43":2,"45":2,"46":1,"48":1,"49":1,"50":1}},"/home/travis/build/npmtest/node-npmtest-mailchimp/example.js":{"path":"/home/travis/build/npmtest/node-npmtest-mailchimp/example.js","s":{"1":2,"2":2,"3":2,"4":2,"5":2,"6":2,"7":2,"8":1,"9":2,"10":2,"11":2,"12":2,"13":1,"14":2,"15":2,"16":2,"17":2,"18":2,"19":0,"20":2,"21":1,"22":1,"23":1,"24":1,"25":1,"26":0,"27":0,"28":1,"29":1,"30":2,"31":0,"32":0,"33":0,"34":1,"35":2,"36":2,"37":3,"38":3,"39":3,"40":3,"41":0,"42":3,"43":3,"44":3,"45":1,"46":3,"47":1,"48":1,"49":1,"50":1,"51":1,"52":1,"53":1,"54":1,"55":1,"56":1,"57":0,"58":1,"59":6,"60":6,"61":1,"62":2,"63":0,"64":2,"65":1,"66":1,"67":0,"68":0,"69":0,"70":0,"71":0,"72":0,"73":0,"74":0,"75":0,"76":0,"77":0,"78":0,"79":0,"80":0,"81":0,"82":0,"83":0},"b":{"1":[2,1,1,1],"2":[1,1,1,1],"3":[1,1],"4":[2,2],"5":[1,1],"6":[1,1],"7":[2,0],"8":[2,1,1,1,1,1],"9":[0,2,0],"10":[1,1],"11":[2,1,1],"12":[1,0],"13":[0,2],"14":[2,0,0,0,0,0,0],"15":[0,3],"16":[3,0],"17":[1,1],"18":[0,1],"19":[1,2,0,2],"20":[1,0],"21":[1,1],"22":[0,0],"23":[0,0],"24":[0,0],"25":[0,0],"26":[0,0],"27":[0,0],"28":[0,0]},"f":{"1":2,"2":2,"3":2,"4":2,"5":2,"6":2,"7":3,"8":3,"9":3,"10":1,"11":6,"12":0},"fnMap":{"1":{"name":"(anonymous_1)","line":26,"loc":{"start":{"line":26,"column":1},"end":{"line":26,"column":13}}},"2":{"name":"(anonymous_2)","line":33,"loc":{"start":{"line":33,"column":5},"end":{"line":33,"column":17}}},"3":{"name":"(anonymous_3)","line":37,"loc":{"start":{"line":37,"column":24},"end":{"line":37,"column":36}}},"4":{"name":"(anonymous_4)","line":69,"loc":{"start":{"line":69,"column":31},"end":{"line":69,"column":48}},"skip":true},"5":{"name":"(anonymous_5)","line":78,"loc":{"start":{"line":78,"column":26},"end":{"line":78,"column":45}},"skip":true},"6":{"name":"(anonymous_6)","line":123,"loc":{"start":{"line":123,"column":33},"end":{"line":123,"column":48}},"skip":true},"7":{"name":"(anonymous_7)","line":125,"loc":{"start":{"line":125,"column":27},"end":{"line":125,"column":39}},"skip":true},"8":{"name":"(anonymous_8)","line":133,"loc":{"start":{"line":133,"column":59},"end":{"line":133,"column":74}},"skip":true},"9":{"name":"(anonymous_9)","line":143,"loc":{"start":{"line":143,"column":45},"end":{"line":143,"column":62}},"skip":true},"10":{"name":"(anonymous_10)","line":144,"loc":{"start":{"line":144,"column":73},"end":{"line":144,"column":92}},"skip":true},"11":{"name":"(anonymous_11)","line":272,"loc":{"start":{"line":272,"column":51},"end":{"line":272,"column":77}},"skip":true},"12":{"name":"(anonymous_12)","line":315,"loc":{"start":{"line":315,"column":32},"end":{"line":315,"column":61}},"skip":true}},"statementMap":{"1":{"start":{"line":26,"column":0},"end":{"line":326,"column":5}},"2":{"start":{"line":28,"column":4},"end":{"line":28,"column":14}},"3":{"start":{"line":33,"column":4},"end":{"line":60,"column":9}},"4":{"start":{"line":35,"column":8},"end":{"line":35,"column":19}},"5":{"start":{"line":37,"column":8},"end":{"line":49,"column":13}},"6":{"start":{"line":38,"column":12},"end":{"line":48,"column":13}},"7":{"start":{"line":39,"column":16},"end":{"line":42,"column":30}},"8":{"start":{"line":44,"column":16},"end":{"line":47,"column":27}},"9":{"start":{"line":51,"column":8},"end":{"line":53,"column":21}},"10":{"start":{"line":55,"column":8},"end":{"line":57,"column":45}},"11":{"start":{"line":59,"column":8},"end":{"line":59,"column":35}},"12":{"start":{"line":61,"column":4},"end":{"line":325,"column":5}},"13":{"start":{"line":69,"column":8},"end":{"line":121,"column":10},"skip":true},"14":{"start":{"line":70,"column":12},"end":{"line":88,"column":13},"skip":true},"15":{"start":{"line":76,"column":16},"end":{"line":87,"column":19},"skip":true},"16":{"start":{"line":79,"column":20},"end":{"line":86,"column":21},"skip":true},"17":{"start":{"line":82,"column":24},"end":{"line":82,"column":43},"skip":true},"18":{"start":{"line":83,"column":24},"end":{"line":83,"column":30},"skip":true},"19":{"start":{"line":85,"column":24},"end":{"line":85,"column":49},"skip":true},"20":{"start":{"line":89,"column":12},"end":{"line":107,"column":13},"skip":true},"21":{"start":{"line":92,"column":16},"end":{"line":102,"column":17},"skip":true},"22":{"start":{"line":93,"column":20},"end":{"line":93,"column":86},"skip":true},"23":{"start":{"line":94,"column":20},"end":{"line":95,"column":45},"skip":true},"24":{"start":{"line":96,"column":20},"end":{"line":96,"column":42},"skip":true},"25":{"start":{"line":97,"column":20},"end":{"line":97,"column":48},"skip":true},"26":{"start":{"line":100,"column":20},"end":{"line":100,"column":85},"skip":true},"27":{"start":{"line":101,"column":20},"end":{"line":101,"column":96},"skip":true},"28":{"start":{"line":103,"column":16},"end":{"line":103,"column":22},"skip":true},"29":{"start":{"line":106,"column":16},"end":{"line":106,"column":22},"skip":true},"30":{"start":{"line":108,"column":12},"end":{"line":120,"column":13},"skip":true},"31":{"start":{"line":114,"column":16},"end":{"line":119,"column":17},"skip":true},"32":{"start":{"line":116,"column":20},"end":{"line":116,"column":78},"skip":true},"33":{"start":{"line":118,"column":20},"end":{"line":118,"column":47},"skip":true},"34":{"start":{"line":123,"column":8},"end":{"line":141,"column":11},"skip":true},"35":{"start":{"line":124,"column":12},"end":{"line":124,"column":54},"skip":true},"36":{"start":{"line":125,"column":12},"end":{"line":140,"column":14},"skip":true},"37":{"start":{"line":126,"column":16},"end":{"line":126,"column":28},"skip":true},"38":{"start":{"line":127,"column":16},"end":{"line":127,"column":69},"skip":true},"39":{"start":{"line":128,"column":16},"end":{"line":128,"column":75},"skip":true},"40":{"start":{"line":129,"column":16},"end":{"line":131,"column":17},"skip":true},"41":{"start":{"line":130,"column":20},"end":{"line":130,"column":27},"skip":true},"42":{"start":{"line":133,"column":16},"end":{"line":137,"column":36},"skip":true},"43":{"start":{"line":134,"column":20},"end":{"line":136,"column":55},"skip":true},"44":{"start":{"line":139,"column":16},"end":{"line":139,"column":57},"skip":true},"45":{"start":{"line":143,"column":8},"end":{"line":147,"column":11},"skip":true},"46":{"start":{"line":144,"column":12},"end":{"line":146,"column":15},"skip":true},"47":{"start":{"line":145,"column":16},"end":{"line":145,"column":70},"skip":true},"48":{"start":{"line":149,"column":8},"end":{"line":149,"column":31},"skip":true},"49":{"start":{"line":150,"column":8},"end":{"line":150,"column":14},"skip":true},"50":{"start":{"line":158,"column":8},"end":{"line":158,"column":31},"skip":true},"51":{"start":{"line":160,"column":8},"end":{"line":160,"column":33},"skip":true},"52":{"start":{"line":161,"column":8},"end":{"line":161,"column":37},"skip":true},"53":{"start":{"line":162,"column":8},"end":{"line":162,"column":35},"skip":true},"54":{"start":{"line":164,"column":8},"end":{"line":164,"column":50},"skip":true},"55":{"start":{"line":166,"column":8},"end":{"line":256,"column":2},"skip":true},"56":{"start":{"line":258,"column":8},"end":{"line":286,"column":9},"skip":true},"57":{"start":{"line":259,"column":12},"end":{"line":269,"column":14},"skip":true},"58":{"start":{"line":271,"column":12},"end":{"line":285,"column":19},"skip":true},"59":{"start":{"line":274,"column":20},"end":{"line":274,"column":35},"skip":true},"60":{"start":{"line":275,"column":20},"end":{"line":284,"column":21},"skip":true},"61":{"start":{"line":277,"column":24},"end":{"line":277,"column":64},"skip":true},"62":{"start":{"line":279,"column":24},"end":{"line":279,"column":40},"skip":true},"63":{"start":{"line":281,"column":24},"end":{"line":281,"column":40},"skip":true},"64":{"start":{"line":283,"column":24},"end":{"line":283,"column":39},"skip":true},"65":{"start":{"line":288,"column":8},"end":{"line":290,"column":9},"skip":true},"66":{"start":{"line":289,"column":12},"end":{"line":289,"column":18},"skip":true},"67":{"start":{"line":291,"column":8},"end":{"line":293,"column":54},"skip":true},"68":{"start":{"line":296,"column":8},"end":{"line":301,"column":37},"skip":true},"69":{"start":{"line":303,"column":8},"end":{"line":303,"column":82},"skip":true},"70":{"start":{"line":306,"column":8},"end":{"line":308,"column":9},"skip":true},"71":{"start":{"line":307,"column":12},"end":{"line":307,"column":82},"skip":true},"72":{"start":{"line":310,"column":8},"end":{"line":312,"column":9},"skip":true},"73":{"start":{"line":311,"column":12},"end":{"line":311,"column":18},"skip":true},"74":{"start":{"line":313,"column":8},"end":{"line":313,"column":54},"skip":true},"75":{"start":{"line":314,"column":8},"end":{"line":314,"column":69},"skip":true},"76":{"start":{"line":315,"column":8},"end":{"line":323,"column":36},"skip":true},"77":{"start":{"line":316,"column":12},"end":{"line":316,"column":61},"skip":true},"78":{"start":{"line":317,"column":12},"end":{"line":320,"column":13},"skip":true},"79":{"start":{"line":318,"column":16},"end":{"line":318,"column":75},"skip":true},"80":{"start":{"line":319,"column":16},"end":{"line":319,"column":23},"skip":true},"81":{"start":{"line":321,"column":12},"end":{"line":321,"column":38},"skip":true},"82":{"start":{"line":322,"column":12},"end":{"line":322,"column":27},"skip":true},"83":{"start":{"line":324,"column":8},"end":{"line":324,"column":14},"skip":true}},"branchMap":{"1":{"line":39,"type":"binary-expr","locations":[{"start":{"line":39,"column":23},"end":{"line":39,"column":62}},{"start":{"line":40,"column":20},"end":{"line":40,"column":70}},{"start":{"line":41,"column":20},"end":{"line":41,"column":71}},{"start":{"line":42,"column":20},"end":{"line":42,"column":29}}]},"2":{"line":44,"type":"binary-expr","locations":[{"start":{"line":44,"column":23},"end":{"line":44,"column":37}},{"start":{"line":45,"column":20},"end":{"line":45,"column":61}},{"start":{"line":46,"column":20},"end":{"line":46,"column":70}},{"start":{"line":47,"column":20},"end":{"line":47,"column":26}}]},"3":{"line":51,"type":"cond-expr","locations":[{"start":{"line":52,"column":14},"end":{"line":52,"column":20}},{"start":{"line":53,"column":14},"end":{"line":53,"column":20}}]},"4":{"line":55,"type":"binary-expr","locations":[{"start":{"line":55,"column":16},"end":{"line":55,"column":44}},{"start":{"line":55,"column":49},"end":{"line":57,"column":43}}]},"5":{"line":55,"type":"cond-expr","locations":[{"start":{"line":56,"column":14},"end":{"line":56,"column":53}},{"start":{"line":57,"column":14},"end":{"line":57,"column":43}}]},"6":{"line":61,"type":"switch","locations":[{"start":{"line":68,"column":4},"end":{"line":150,"column":14},"skip":true},{"start":{"line":156,"column":4},"end":{"line":324,"column":14},"skip":true}]},"7":{"line":70,"type":"if","locations":[{"start":{"line":70,"column":12},"end":{"line":70,"column":12},"skip":true},{"start":{"line":70,"column":12},"end":{"line":70,"column":12},"skip":true}]},"8":{"line":70,"type":"binary-expr","locations":[{"start":{"line":70,"column":16},"end":{"line":70,"column":22},"skip":true},{"start":{"line":70,"column":27},"end":{"line":70,"column":32},"skip":true},{"start":{"line":71,"column":20},"end":{"line":71,"column":39},"skip":true},{"start":{"line":72,"column":20},"end":{"line":72,"column":49},"skip":true},{"start":{"line":73,"column":20},"end":{"line":73,"column":58},"skip":true},{"start":{"line":74,"column":20},"end":{"line":74,"column":69},"skip":true}]},"9":{"line":79,"type":"switch","locations":[{"start":{"line":80,"column":20},"end":{"line":80,"column":33},"skip":true},{"start":{"line":81,"column":20},"end":{"line":83,"column":30},"skip":true},{"start":{"line":84,"column":20},"end":{"line":85,"column":49},"skip":true}]},"10":{"line":89,"type":"switch","locations":[{"start":{"line":90,"column":12},"end":{"line":103,"column":22},"skip":true},{"start":{"line":105,"column":12},"end":{"line":106,"column":22},"skip":true}]},"11":{"line":89,"type":"binary-expr","locations":[{"start":{"line":89,"column":20},"end":{"line":89,"column":25},"skip":true},{"start":{"line":89,"column":29},"end":{"line":89,"column":48},"skip":true},{"start":{"line":89,"column":52},"end":{"line":89,"column":74},"skip":true}]},"12":{"line":92,"type":"if","locations":[{"start":{"line":92,"column":16},"end":{"line":92,"column":16},"skip":true},{"start":{"line":92,"column":16},"end":{"line":92,"column":16},"skip":true}]},"13":{"line":108,"type":"if","locations":[{"start":{"line":108,"column":12},"end":{"line":108,"column":12},"skip":true},{"start":{"line":108,"column":12},"end":{"line":108,"column":12},"skip":true}]},"14":{"line":108,"type":"binary-expr","locations":[{"start":{"line":108,"column":16},"end":{"line":108,"column":61},"skip":true},{"start":{"line":108,"column":66},"end":{"line":108,"column":72},"skip":true},{"start":{"line":108,"column":77},"end":{"line":108,"column":82},"skip":true},{"start":{"line":109,"column":20},"end":{"line":109,"column":39},"skip":true},{"start":{"line":110,"column":20},"end":{"line":110,"column":49},"skip":true},{"start":{"line":111,"column":20},"end":{"line":111,"column":58},"skip":true},{"start":{"line":112,"column":20},"end":{"line":112,"column":68},"skip":true}]},"15":{"line":129,"type":"if","locations":[{"start":{"line":129,"column":16},"end":{"line":129,"column":16},"skip":true},{"start":{"line":129,"column":16},"end":{"line":129,"column":16},"skip":true}]},"16":{"line":134,"type":"cond-expr","locations":[{"start":{"line":135,"column":26},"end":{"line":135,"column":29},"skip":true},{"start":{"line":136,"column":26},"end":{"line":136,"column":54},"skip":true}]},"17":{"line":164,"type":"binary-expr","locations":[{"start":{"line":164,"column":27},"end":{"line":164,"column":43},"skip":true},{"start":{"line":164,"column":47},"end":{"line":164,"column":49},"skip":true}]},"18":{"line":258,"type":"if","locations":[{"start":{"line":258,"column":8},"end":{"line":258,"column":8},"skip":true},{"start":{"line":258,"column":8},"end":{"line":258,"column":8},"skip":true}]},"19":{"line":275,"type":"switch","locations":[{"start":{"line":276,"column":20},"end":{"line":277,"column":64},"skip":true},{"start":{"line":278,"column":20},"end":{"line":279,"column":40},"skip":true},{"start":{"line":280,"column":20},"end":{"line":281,"column":40},"skip":true},{"start":{"line":282,"column":20},"end":{"line":283,"column":39},"skip":true}]},"20":{"line":288,"type":"if","locations":[{"start":{"line":288,"column":8},"end":{"line":288,"column":8},"skip":true},{"start":{"line":288,"column":8},"end":{"line":288,"column":8},"skip":true}]},"21":{"line":288,"type":"binary-expr","locations":[{"start":{"line":288,"column":12},"end":{"line":288,"column":40},"skip":true},{"start":{"line":288,"column":44},"end":{"line":288,"column":67},"skip":true}]},"22":{"line":292,"type":"binary-expr","locations":[{"start":{"line":292,"column":12},"end":{"line":292,"column":50},"skip":true},{"start":{"line":293,"column":12},"end":{"line":293,"column":53},"skip":true}]},"23":{"line":297,"type":"binary-expr","locations":[{"start":{"line":297,"column":12},"end":{"line":297,"column":67},"skip":true},{"start":{"line":298,"column":12},"end":{"line":301,"column":36},"skip":true}]},"24":{"line":303,"type":"binary-expr","locations":[{"start":{"line":303,"column":43},"end":{"line":303,"column":75},"skip":true},{"start":{"line":303,"column":79},"end":{"line":303,"column":81},"skip":true}]},"25":{"line":306,"type":"if","locations":[{"start":{"line":306,"column":8},"end":{"line":306,"column":8},"skip":true},{"start":{"line":306,"column":8},"end":{"line":306,"column":8},"skip":true}]},"26":{"line":310,"type":"if","locations":[{"start":{"line":310,"column":8},"end":{"line":310,"column":8},"skip":true},{"start":{"line":310,"column":8},"end":{"line":310,"column":8},"skip":true}]},"27":{"line":313,"type":"binary-expr","locations":[{"start":{"line":313,"column":27},"end":{"line":313,"column":43},"skip":true},{"start":{"line":313,"column":47},"end":{"line":313,"column":53},"skip":true}]},"28":{"line":317,"type":"if","locations":[{"start":{"line":317,"column":12},"end":{"line":317,"column":12},"skip":true},{"start":{"line":317,"column":12},"end":{"line":317,"column":12},"skip":true}]}},"code":["/*","example.js","","quickstart example","","instruction","    1. save this script as example.js","    2. run the shell command:","        $ npm install npmtest-mailchimp && PORT=8081 node example.js","    3. play with the browser-demo on http://127.0.0.1:8081","*/","","","","/* istanbul instrument in package npmtest_mailchimp */","/*jslint","    bitwise: true,","    browser: true,","    maxerr: 8,","    maxlen: 96,","    node: true,","    nomen: true,","    regexp: true,","    stupid: true","*/","(function () {","    'use strict';","    var local;","","","","    // run shared js-env code - pre-init","    (function () {","        // init local","        local = {};","        // init modeJs","        local.modeJs = (function () {","            try {","                return typeof navigator.userAgent === 'string' &&","                    typeof document.querySelector('body') === 'object' &&","                    typeof XMLHttpRequest.prototype.open === 'function' &&","                    'browser';","            } catch (errorCaughtBrowser) {","                return module.exports &&","                    typeof process.versions.node === 'string' &&","                    typeof require('http').createServer === 'function' &&","                    'node';","            }","        }());","        // init global","        local.global = local.modeJs === 'browser'","            ? window","            : global;","        // init utility2_rollup","        local = local.global.utility2_rollup || (local.modeJs === 'browser'","            ? local.global.utility2_npmtest_mailchimp","            : global.utility2_moduleExports);","        // export local","        local.global.local = local;","    }());","    switch (local.modeJs) {","","","","    // post-init","    // run browser js-env code - post-init","    /* istanbul ignore next */","    case 'browser':","        local.testRunBrowser = function (event) {","            if (!event || (event &&","                    event.currentTarget &&","                    event.currentTarget.className &&","                    event.currentTarget.className.includes &&","                    event.currentTarget.className.includes('onreset'))) {","                // reset output","                Array.from(","                    document.querySelectorAll('body > .resettable')","                ).forEach(function (element) {","                    switch (element.tagName) {","                    case 'INPUT':","                    case 'TEXTAREA':","                        element.value = '';","                        break;","                    default:","                        element.textContent = '';","                    }","                });","            }","            switch (event && event.currentTarget && event.currentTarget.id) {","            case 'testRunButton1':","                // show tests","                if (document.querySelector('#testReportDiv1').style.display === 'none') {","                    document.querySelector('#testReportDiv1').style.display = 'block';","                    document.querySelector('#testRunButton1').textContent =","                        'hide internal test';","                    local.modeTest = true;","                    local.testRunDefault(local);","                // hide tests","                } else {","                    document.querySelector('#testReportDiv1').style.display = 'none';","                    document.querySelector('#testRunButton1').textContent = 'run internal test';","                }","                break;","            // custom-case","            default:","                break;","            }","            if (document.querySelector('#inputTextareaEval1') && (!event || (event &&","                    event.currentTarget &&","                    event.currentTarget.className &&","                    event.currentTarget.className.includes &&","                    event.currentTarget.className.includes('oneval')))) {","                // try to eval input-code","                try {","                    /*jslint evil: true*/","                    eval(document.querySelector('#inputTextareaEval1').value);","                } catch (errorCaught) {","                    console.error(errorCaught);","                }","            }","        };","        // log stderr and stdout to #outputTextareaStdout1","        ['error', 'log'].forEach(function (key) {","            console[key + '_original'] = console[key];","            console[key] = function () {","                var element;","                console[key + '_original'].apply(console, arguments);","                element = document.querySelector('#outputTextareaStdout1');","                if (!element) {","                    return;","                }","                // append text to #outputTextareaStdout1","                element.value += Array.from(arguments).map(function (arg) {","                    return typeof arg === 'string'","                        ? arg","                        : JSON.stringify(arg, null, 4);","                }).join(' ') + '\\n';","                // scroll textarea to bottom","                element.scrollTop = element.scrollHeight;","            };","        });","        // init event-handling","        ['change', 'click', 'keyup'].forEach(function (event) {","            Array.from(document.querySelectorAll('.on' + event)).forEach(function (element) {","                element.addEventListener(event, local.testRunBrowser);","            });","        });","        // run tests","        local.testRunBrowser();","        break;","","","","    // run node js-env code - post-init","    /* istanbul ignore next */","    case 'node':","        // export local","        module.exports = local;","        // require modules","        local.fs = require('fs');","        local.http = require('http');","        local.url = require('url');","        // init assets","        local.assetsDict = local.assetsDict || {};","        /* jslint-ignore-begin */","        local.assetsDict['/assets.index.template.html'] = '\\","<!doctype html>\\n\\","<html lang=\"en\">\\n\\","<head>\\n\\","<meta charset=\"UTF-8\">\\n\\","<meta name=\"viewport\" content=\"width=device-width, initial-scale=1\">\\n\\","<title>{{env.npm_package_name}} (v{{env.npm_package_version}})</title>\\n\\","<style>\\n\\","/*csslint\\n\\","    box-sizing: false,\\n\\","    universal-selector: false\\n\\","*/\\n\\","* {\\n\\","    box-sizing: border-box;\\n\\","}\\n\\","body {\\n\\","    background: #dde;\\n\\","    font-family: Arial, Helvetica, sans-serif;\\n\\","    margin: 2rem;\\n\\","}\\n\\","body > * {\\n\\","    margin-bottom: 1rem;\\n\\","}\\n\\",".utility2FooterDiv {\\n\\","    margin-top: 20px;\\n\\","    text-align: center;\\n\\","}\\n\\","</style>\\n\\","<style>\\n\\","/*csslint\\n\\","*/\\n\\","textarea {\\n\\","    font-family: monospace;\\n\\","    height: 10rem;\\n\\","    width: 100%;\\n\\","}\\n\\","textarea[readonly] {\\n\\","    background: #ddd;\\n\\","}\\n\\","</style>\\n\\","</head>\\n\\","<body>\\n\\","<!-- utility2-comment\\n\\","<div id=\"ajaxProgressDiv1\" style=\"background: #d00; height: 2px; left: 0; margin: 0; padding: 0; position: fixed; top: 0; transition: background 0.5s, width 1.5s; width: 25%;\"></div>\\n\\","utility2-comment -->\\n\\","<h1>\\n\\","<!-- utility2-comment\\n\\","    <a\\n\\","        {{#if env.npm_package_homepage}}\\n\\","        href=\"{{env.npm_package_homepage}}\"\\n\\","        {{/if env.npm_package_homepage}}\\n\\","        target=\"_blank\"\\n\\","    >\\n\\","utility2-comment -->\\n\\","        {{env.npm_package_name}} (v{{env.npm_package_version}})\\n\\","<!-- utility2-comment\\n\\","    </a>\\n\\","utility2-comment -->\\n\\","</h1>\\n\\","<h3>{{env.npm_package_description}}</h3>\\n\\","<!-- utility2-comment\\n\\","<h4><a download href=\"assets.app.js\">download standalone app</a></h4>\\n\\","<button class=\"onclick onreset\" id=\"testRunButton1\">run internal test</button><br>\\n\\","<div id=\"testReportDiv1\" style=\"display: none;\"></div>\\n\\","utility2-comment -->\\n\\","\\n\\","\\n\\","\\n\\","<label>stderr and stdout</label>\\n\\","<textarea class=\"resettable\" id=\"outputTextareaStdout1\" readonly></textarea>\\n\\","<!-- utility2-comment\\n\\","{{#if isRollup}}\\n\\","<script src=\"assets.app.js\"></script>\\n\\","{{#unless isRollup}}\\n\\","utility2-comment -->\\n\\","<script src=\"assets.utility2.rollup.js\"></script>\\n\\","<script src=\"jsonp.utility2._stateInit?callback=window.utility2._stateInit\"></script>\\n\\","<script src=\"assets.npmtest_mailchimp.rollup.js\"></script>\\n\\","<script src=\"assets.example.js\"></script>\\n\\","<script src=\"assets.test.js\"></script>\\n\\","<!-- utility2-comment\\n\\","{{/if isRollup}}\\n\\","utility2-comment -->\\n\\","<div class=\"utility2FooterDiv\">\\n\\","    [ this app was created with\\n\\","    <a href=\"https://github.com/kaizhu256/node-utility2\" target=\"_blank\">utility2</a>\\n\\","    ]\\n\\","</div>\\n\\","</body>\\n\\","</html>\\n\\","';","        /* jslint-ignore-end */","        if (local.templateRender) {","            local.assetsDict['/'] = local.templateRender(","                local.assetsDict['/assets.index.template.html'],","                {","                    env: local.objectSetDefault(local.env, {","                        npm_package_description: 'the greatest app in the world!',","                        npm_package_name: 'my-app',","                        npm_package_nameAlias: 'my_app',","                        npm_package_version: '0.0.1'","                    })","                }","            );","        } else {","            local.assetsDict['/'] = local.assetsDict['/assets.index.template.html']","                .replace((/\\{\\{env\\.(\\w+?)\\}\\}/g), function (match0, match1) {","                    // jslint-hack","                    String(match0);","                    switch (match1) {","                    case 'npm_package_description':","                        return 'the greatest app in the world!';","                    case 'npm_package_name':","                        return 'my-app';","                    case 'npm_package_nameAlias':","                        return 'my_app';","                    case 'npm_package_version':","                        return '0.0.1';","                    }","                });","        }","        // run the cli","        if (local.global.utility2_rollup || module !== require.main) {","            break;","        }","        local.assetsDict['/assets.example.js'] =","            local.assetsDict['/assets.example.js'] ||","            local.fs.readFileSync(__filename, 'utf8');","        // bug-workaround - long $npm_package_buildCustomOrg","        /* jslint-ignore-begin */","        local.assetsDict['/assets.npmtest_mailchimp.rollup.js'] =","            local.assetsDict['/assets.npmtest_mailchimp.rollup.js'] ||","            local.fs.readFileSync(","                local.npmtest_mailchimp.__dirname + '/lib.npmtest_mailchimp.js',","                'utf8'","            ).replace((/^#!/), '//');","        /* jslint-ignore-end */","        local.assetsDict['/favicon.ico'] = local.assetsDict['/favicon.ico'] || '';","        // if $npm_config_timeout_exit exists,","        // then exit this process after $npm_config_timeout_exit ms","        if (Number(process.env.npm_config_timeout_exit)) {","            setTimeout(process.exit, Number(process.env.npm_config_timeout_exit));","        }","        // start server","        if (local.global.utility2_serverHttp1) {","            break;","        }","        process.env.PORT = process.env.PORT || '8081';","        console.error('server starting on port ' + process.env.PORT);","        local.http.createServer(function (request, response) {","            request.urlParsed = local.url.parse(request.url);","            if (local.assetsDict[request.urlParsed.pathname] !== undefined) {","                response.end(local.assetsDict[request.urlParsed.pathname]);","                return;","            }","            response.statusCode = 404;","            response.end();","        }).listen(process.env.PORT);","        break;","    }","}());",""],"l":{"26":2,"28":2,"33":2,"35":2,"37":2,"38":2,"39":2,"44":1,"51":2,"55":2,"59":2,"61":2,"69":1,"70":2,"76":2,"79":2,"82":2,"83":2,"85":1,"89":2,"92":1,"93":1,"94":1,"96":1,"97":1,"100":1,"101":1,"103":1,"106":1,"108":2,"114":1,"116":1,"118":1,"123":1,"124":2,"125":2,"126":3,"127":3,"128":3,"129":3,"130":1,"133":3,"134":3,"139":3,"143":1,"144":3,"145":1,"149":1,"150":1,"158":1,"160":1,"161":1,"162":1,"164":1,"166":1,"258":1,"259":1,"271":1,"274":6,"275":6,"277":1,"279":2,"281":1,"283":2,"288":1,"289":1,"291":1,"296":1,"303":1,"306":1,"307":1,"310":1,"311":1,"313":1,"314":1,"315":1,"316":1,"317":1,"318":1,"319":1,"321":1,"322":1,"324":1}},"/home/travis/build/npmtest/node-npmtest-mailchimp/node_modules/mailchimp/lib/mailchimp/index.js":{"path":"/home/travis/build/npmtest/node-npmtest-mailchimp/node_modules/mailchimp/lib/mailchimp/index.js","s":{"1":1,"2":1,"3":1,"4":1,"5":1,"6":1},"b":{},"f":{},"fnMap":{},"statementMap":{"1":{"start":{"line":1,"column":0},"end":{"line":1,"column":52}},"2":{"start":{"line":2,"column":0},"end":{"line":2,"column":64}},"3":{"start":{"line":3,"column":0},"end":{"line":3,"column":60}},"4":{"start":{"line":4,"column":0},"end":{"line":4,"column":56}},"5":{"start":{"line":5,"column":0},"end":{"line":5,"column":66}},"6":{"start":{"line":6,"column":0},"end":{"line":6,"column":50}}},"branchMap":{},"code":["exports.MailChimpAPI = require('./MailChimpAPI.js');","exports.MailChimpExportAPI = require('./MailChimpExportAPI.js');","exports.MailChimpWebhook = require('./MailChimpWebhook.js');","exports.MailChimpOAuth = require('./MailChimpOAuth.js');","exports.MailChimpPartnerAPI = require('./MailChimpPartnerAPI.js');","exports.MandrillAPI = require('./MandrillAPI.js');"],"l":{"1":1,"2":1,"3":1,"4":1,"5":1,"6":1}},"/home/travis/build/npmtest/node-npmtest-mailchimp/node_modules/mailchimp/lib/mailchimp/MailChimpAPI.js":{"path":"/home/travis/build/npmtest/node-npmtest-mailchimp/node_modules/mailchimp/lib/mailchimp/MailChimpAPI.js","s":{"1":1,"2":1,"3":0,"4":0,"5":0,"6":0,"7":0,"8":0,"9":0,"10":0,"11":0,"12":0,"13":0,"14":0,"15":0,"16":0,"17":0,"18":0,"19":0,"20":1},"b":{"1":[0,0],"2":[0,0],"3":[0,0],"4":[0,0],"5":[0,0],"6":[0,0],"7":[0,0]},"f":{"1":0},"fnMap":{"1":{"name":"MailChimpAPI","line":21,"loc":{"start":{"line":21,"column":0},"end":{"line":21,"column":40}}}},"statementMap":{"1":{"start":{"line":1,"column":0},"end":{"line":5,"column":23}},"2":{"start":{"line":21,"column":0},"end":{"line":47,"column":1}},"3":{"start":{"line":23,"column":1},"end":{"line":24,"column":19}},"4":{"start":{"line":24,"column":2},"end":{"line":24,"column":19}},"5":{"start":{"line":26,"column":1},"end":{"line":27,"column":70}},"6":{"start":{"line":27,"column":2},"end":{"line":27,"column":70}},"7":{"start":{"line":29,"column":1},"end":{"line":33,"column":2}},"8":{"start":{"line":30,"column":2},"end":{"line":30,"column":69}},"9":{"start":{"line":32,"column":2},"end":{"line":32,"column":83}},"10":{"start":{"line":34,"column":1},"end":{"line":34,"column":58}},"11":{"start":{"line":36,"column":1},"end":{"line":45,"column":102}},"12":{"start":{"line":37,"column":2},"end":{"line":37,"column":48}},"13":{"start":{"line":38,"column":6},"end":{"line":45,"column":102}},"14":{"start":{"line":39,"column":2},"end":{"line":39,"column":48}},"15":{"start":{"line":40,"column":6},"end":{"line":45,"column":102}},"16":{"start":{"line":41,"column":2},"end":{"line":41,"column":48}},"17":{"start":{"line":42,"column":6},"end":{"line":45,"column":102}},"18":{"start":{"line":43,"column":2},"end":{"line":43,"column":48}},"19":{"start":{"line":45,"column":2},"end":{"line":45,"column":102}},"20":{"start":{"line":49,"column":0},"end":{"line":49,"column":30}}},"branchMap":{"1":{"line":23,"type":"if","locations":[{"start":{"line":23,"column":1},"end":{"line":23,"column":1}},{"start":{"line":23,"column":1},"end":{"line":23,"column":1}}]},"2":{"line":26,"type":"if","locations":[{"start":{"line":26,"column":1},"end":{"line":26,"column":1}},{"start":{"line":26,"column":1},"end":{"line":26,"column":1}}]},"3":{"line":36,"type":"if","locations":[{"start":{"line":36,"column":1},"end":{"line":36,"column":1}},{"start":{"line":36,"column":1},"end":{"line":36,"column":1}}]},"4":{"line":36,"type":"binary-expr","locations":[{"start":{"line":36,"column":5},"end":{"line":36,"column":21}},{"start":{"line":36,"column":25},"end":{"line":36,"column":49}}]},"5":{"line":38,"type":"if","locations":[{"start":{"line":38,"column":6},"end":{"line":38,"column":6}},{"start":{"line":38,"column":6},"end":{"line":38,"column":6}}]},"6":{"line":40,"type":"if","locations":[{"start":{"line":40,"column":6},"end":{"line":40,"column":6}},{"start":{"line":40,"column":6},"end":{"line":40,"column":6}}]},"7":{"line":42,"type":"if","locations":[{"start":{"line":42,"column":6},"end":{"line":42,"column":6}},{"start":{"line":42,"column":6},"end":{"line":42,"column":6}}]}},"code":["var MailChimpAPI_v2_0 = require('./MailChimpAPI_v2_0'),","    MailChimpAPI_v1_3 = require('./MailChimpAPI_v1_3'),","    MailChimpAPI_v1_2 = require('./MailChimpAPI_v1_2'),","    MailChimpAPI_v1_1 = require('./MailChimpAPI_v1_1'),","    fs = require('fs');","","/**"," * Returns a MailChimp API wrapper object of the specified version. All API"," * versions available at the time of writing (1.1, 1.2 and 1.3) are supported."," *"," * Available options are:"," *  - version   The API version to use (1.1, 1.2 or 1.3). Defaults to 1.3."," *  - secure    Whether or not to use secure connections over HTTPS"," *              (true/false). Defaults to false."," *  - userAgent Custom User-Agent description to use in the request header."," *"," * @param apiKey The API key to access the MailChimp API with"," * @param options Configuration options as described above"," * @return Instance of the MailChimp API in the specified version"," */","function MailChimpAPI (apiKey, options) {","","\tif (!options)","\t\tvar options = {};","","\tif (!apiKey)","\t\tthrow new Error('You have to provide an API key for this to work.');","","\ttry {","\t\tvar packageInfo = fs.readFileSync(__dirname+\"/../../package.json\");","\t} catch (error) {","\t\tthrow new Error('Required package file package.json not found for this module.');","\t}","\toptions.packageInfo = JSON.parse(packageInfo.toString());","","\tif (!options.version || options.version == '1.3')","\t\treturn new MailChimpAPI_v1_3(apiKey, options);","\telse if (options.version == '2.0')","\t\treturn new MailChimpAPI_v2_0(apiKey, options);","\telse if (options.version == '1.2')","\t\treturn new MailChimpAPI_v1_2(apiKey, options);","\telse if (options.version == '1.1')","\t\treturn new MailChimpAPI_v1_1(apiKey, options);","\telse","\t\tthrow new Error('Version ' + options.version + ' of the MailChimp API is currently not supported.');","","}","","module.exports = MailChimpAPI;"],"l":{"1":1,"21":1,"23":0,"24":0,"26":0,"27":0,"29":0,"30":0,"32":0,"34":0,"36":0,"37":0,"38":0,"39":0,"40":0,"41":0,"42":0,"43":0,"45":0,"49":1}},"/home/travis/build/npmtest/node-npmtest-mailchimp/node_modules/mailchimp/lib/mailchimp/MailChimpAPI_v2_0.js":{"path":"/home/travis/build/npmtest/node-npmtest-mailchimp/node_modules/mailchimp/lib/mailchimp/MailChimpAPI_v2_0.js","s":{"1":1,"2":1,"3":1,"4":1,"5":0,"6":0,"7":0,"8":0,"9":0,"10":0,"11":0,"12":0,"13":0,"14":1,"15":1,"16":0,"17":0,"18":0,"19":0,"20":0,"21":0,"22":0,"23":0,"24":1,"25":0,"26":0,"27":0,"28":0,"29":0,"30":0,"31":0,"32":0,"33":0,"34":0,"35":0,"36":1,"37":0,"38":0,"39":0,"40":0,"41":1,"42":0,"43":0,"44":0,"45":0,"46":1,"47":0,"48":0,"49":0,"50":0,"51":1,"52":0,"53":0,"54":0,"55":0,"56":1,"57":0,"58":0,"59":0,"60":0,"61":1,"62":0,"63":0,"64":0,"65":0,"66":1,"67":0,"68":0,"69":0,"70":0,"71":1,"72":0,"73":0,"74":0,"75":0,"76":1,"77":0,"78":0,"79":0,"80":0,"81":1,"82":0,"83":0,"84":0,"85":0,"86":1,"87":0,"88":0,"89":0,"90":0,"91":1,"92":0,"93":0,"94":0,"95":0,"96":1,"97":0,"98":0,"99":0,"100":0,"101":1,"102":0,"103":0,"104":0,"105":0,"106":1,"107":0,"108":0,"109":0,"110":0,"111":1,"112":0,"113":0,"114":0,"115":0,"116":1,"117":0,"118":0,"119":0,"120":0,"121":1,"122":0,"123":0,"124":0,"125":0,"126":1,"127":0,"128":0,"129":0,"130":0,"131":1,"132":0,"133":0,"134":0,"135":0,"136":1,"137":0,"138":0,"139":0,"140":0,"141":1,"142":0,"143":0,"144":0,"145":0,"146":1,"147":0,"148":0,"149":0,"150":0,"151":1,"152":0,"153":0,"154":0,"155":0,"156":1,"157":0,"158":0,"159":0,"160":0,"161":1,"162":0,"163":0,"164":0,"165":0,"166":1,"167":0,"168":0,"169":0,"170":0,"171":1,"172":0,"173":0,"174":0,"175":0,"176":1,"177":0,"178":0,"179":0,"180":0,"181":1,"182":0,"183":0,"184":0,"185":0,"186":1,"187":0,"188":0,"189":0,"190":0,"191":1,"192":0,"193":0,"194":0,"195":0,"196":1,"197":0,"198":0,"199":0,"200":0,"201":1,"202":0,"203":0,"204":0,"205":0,"206":1,"207":0,"208":0,"209":0,"210":0,"211":1,"212":0,"213":0,"214":0,"215":0,"216":1,"217":0,"218":0,"219":0,"220":0,"221":1,"222":0,"223":0,"224":0,"225":0,"226":1,"227":0,"228":0,"229":0,"230":0,"231":1,"232":0,"233":0,"234":0,"235":0,"236":1,"237":0,"238":0,"239":0,"240":0,"241":1,"242":0,"243":0,"244":0,"245":0,"246":1,"247":0,"248":0,"249":0,"250":0,"251":1,"252":0,"253":0,"254":0,"255":0,"256":1,"257":0,"258":0,"259":0,"260":0,"261":1,"262":0,"263":0,"264":0,"265":0,"266":1,"267":0,"268":0,"269":0,"270":0,"271":1,"272":0,"273":0,"274":0,"275":0,"276":1,"277":0,"278":0,"279":0,"280":0,"281":1,"282":0,"283":0,"284":0,"285":0,"286":1,"287":0,"288":0,"289":0,"290":0,"291":1,"292":0,"293":0,"294":0,"295":0,"296":1,"297":0,"298":0,"299":0,"300":0,"301":1,"302":0,"303":0,"304":0,"305":0,"306":1,"307":0,"308":0,"309":0,"310":0,"311":1,"312":0,"313":0,"314":0,"315":0,"316":1,"317":0,"318":0,"319":0,"320":0,"321":1,"322":0,"323":0,"324":0,"325":0,"326":1,"327":0,"328":0,"329":0,"330":0,"331":1,"332":0,"333":0,"334":0,"335":0,"336":1,"337":0,"338":0,"339":0,"340":0,"341":1,"342":0,"343":0,"344":0,"345":0,"346":1,"347":0,"348":0,"349":0,"350":0,"351":1,"352":0,"353":0,"354":0,"355":0,"356":1,"357":0,"358":0,"359":0,"360":0,"361":1,"362":0,"363":0,"364":0,"365":0,"366":1,"367":0,"368":0,"369":0,"370":0,"371":1,"372":0,"373":0,"374":0,"375":0,"376":1,"377":0,"378":0,"379":0,"380":0,"381":1,"382":0,"383":0,"384":0,"385":0,"386":1,"387":0,"388":0,"389":0,"390":0,"391":1,"392":0,"393":0,"394":0,"395":0,"396":1,"397":0,"398":0,"399":0,"400":0,"401":1,"402":0,"403":0,"404":0,"405":0,"406":1,"407":0,"408":0,"409":0,"410":0,"411":1,"412":0,"413":0,"414":0,"415":0,"416":1,"417":0,"418":0,"419":0,"420":0,"421":1,"422":0,"423":0,"424":0,"425":0,"426":1,"427":0,"428":0,"429":0,"430":0,"431":1,"432":0,"433":0,"434":0,"435":0,"436":1,"437":0,"438":0,"439":0,"440":0,"441":1,"442":0,"443":0,"444":0,"445":0,"446":1,"447":0,"448":0,"449":0,"450":0,"451":1,"452":0,"453":0,"454":0,"455":0,"456":1,"457":0,"458":0,"459":0,"460":0,"461":1,"462":0,"463":0,"464":0,"465":0,"466":1,"467":0,"468":0,"469":0,"470":0,"471":1,"472":0,"473":0,"474":0,"475":0,"476":1,"477":0,"478":0,"479":0,"480":0,"481":1,"482":0,"483":0,"484":0,"485":0,"486":1,"487":0,"488":0,"489":0,"490":0,"491":1,"492":0,"493":0,"494":0,"495":0,"496":1,"497":0,"498":0,"499":0,"500":0,"501":1,"502":0,"503":0,"504":0,"505":0,"506":1,"507":0,"508":0,"509":0,"510":0,"511":1,"512":0,"513":0,"514":0,"515":0,"516":1,"517":0,"518":0,"519":0,"520":0,"521":1,"522":0,"523":0,"524":0,"525":0,"526":1,"527":0,"528":0,"529":0,"530":0,"531":1,"532":0,"533":0,"534":0,"535":0,"536":1,"537":0,"538":0,"539":0,"540":0,"541":1,"542":0,"543":0,"544":0,"545":0,"546":1,"547":0,"548":0,"549":0,"550":0,"551":1,"552":0,"553":0,"554":0,"555":0},"b":{"1":[0,0],"2":[0,0],"3":[0,0],"4":[0,0],"5":[0,0],"6":[0,0],"7":[0,0],"8":[0,0],"9":[0,0],"10":[0,0],"11":[0,0],"12":[0,0],"13":[0,0],"14":[0,0],"15":[0,0],"16":[0,0],"17":[0,0],"18":[0,0],"19":[0,0],"20":[0,0],"21":[0,0],"22":[0,0],"23":[0,0],"24":[0,0],"25":[0,0],"26":[0,0],"27":[0,0],"28":[0,0],"29":[0,0],"30":[0,0],"31":[0,0],"32":[0,0],"33":[0,0],"34":[0,0],"35":[0,0],"36":[0,0],"37":[0,0],"38":[0,0],"39":[0,0],"40":[0,0],"41":[0,0],"42":[0,0],"43":[0,0],"44":[0,0],"45":[0,0],"46":[0,0],"47":[0,0],"48":[0,0],"49":[0,0],"50":[0,0],"51":[0,0],"52":[0,0],"53":[0,0],"54":[0,0],"55":[0,0],"56":[0,0],"57":[0,0],"58":[0,0],"59":[0,0],"60":[0,0],"61":[0,0],"62":[0,0],"63":[0,0],"64":[0,0],"65":[0,0],"66":[0,0],"67":[0,0],"68":[0,0],"69":[0,0],"70":[0,0],"71":[0,0],"72":[0,0],"73":[0,0],"74":[0,0],"75":[0,0],"76":[0,0],"77":[0,0],"78":[0,0],"79":[0,0],"80":[0,0],"81":[0,0],"82":[0,0],"83":[0,0],"84":[0,0],"85":[0,0],"86":[0,0],"87":[0,0],"88":[0,0],"89":[0,0],"90":[0,0],"91":[0,0],"92":[0,0],"93":[0,0],"94":[0,0],"95":[0,0],"96":[0,0],"97":[0,0],"98":[0,0],"99":[0,0],"100":[0,0],"101":[0,0],"102":[0,0],"103":[0,0],"104":[0,0],"105":[0,0],"106":[0,0],"107":[0,0],"108":[0,0],"109":[0,0],"110":[0,0],"111":[0,0]},"f":{"1":0,"2":0,"3":0,"4":0,"5":0,"6":0,"7":0,"8":0,"9":0,"10":0,"11":0,"12":0,"13":0,"14":0,"15":0,"16":0,"17":0,"18":0,"19":0,"20":0,"21":0,"22":0,"23":0,"24":0,"25":0,"26":0,"27":0,"28":0,"29":0,"30":0,"31":0,"32":0,"33":0,"34":0,"35":0,"36":0,"37":0,"38":0,"39":0,"40":0,"41":0,"42":0,"43":0,"44":0,"45":0,"46":0,"47":0,"48":0,"49":0,"50":0,"51":0,"52":0,"53":0,"54":0,"55":0,"56":0,"57":0,"58":0,"59":0,"60":0,"61":0,"62":0,"63":0,"64":0,"65":0,"66":0,"67":0,"68":0,"69":0,"70":0,"71":0,"72":0,"73":0,"74":0,"75":0,"76":0,"77":0,"78":0,"79":0,"80":0,"81":0,"82":0,"83":0,"84":0,"85":0,"86":0,"87":0,"88":0,"89":0,"90":0,"91":0,"92":0,"93":0,"94":0,"95":0,"96":0,"97":0,"98":0,"99":0,"100":0,"101":0,"102":0,"103":0,"104":0,"105":0,"106":0,"107":0,"108":0},"fnMap":{"1":{"name":"MailChimpAPI_v2_0","line":13,"loc":{"start":{"line":13,"column":0},"end":{"line":13,"column":45}}},"2":{"name":"(anonymous_2)","line":41,"loc":{"start":{"line":41,"column":38},"end":{"line":41,"column":96}}},"3":{"name":"(anonymous_3)","line":58,"loc":{"start":{"line":58,"column":4},"end":{"line":58,"column":37}}},"4":{"name":"(anonymous_4)","line":78,"loc":{"start":{"line":78,"column":35},"end":{"line":78,"column":80}}},"5":{"name":"(anonymous_5)","line":111,"loc":{"start":{"line":111,"column":48},"end":{"line":111,"column":76}}},"6":{"name":"(anonymous_6)","line":129,"loc":{"start":{"line":129,"column":47},"end":{"line":129,"column":75}}},"7":{"name":"(anonymous_7)","line":150,"loc":{"start":{"line":150,"column":47},"end":{"line":150,"column":75}}},"8":{"name":"(anonymous_8)","line":166,"loc":{"start":{"line":166,"column":45},"end":{"line":166,"column":73}}},"9":{"name":"(anonymous_9)","line":186,"loc":{"start":{"line":186,"column":46},"end":{"line":186,"column":74}}},"10":{"name":"(anonymous_10)","line":202,"loc":{"start":{"line":202,"column":50},"end":{"line":202,"column":78}}},"11":{"name":"(anonymous_11)","line":218,"loc":{"start":{"line":218,"column":47},"end":{"line":218,"column":75}}},"12":{"name":"(anonymous_12)","line":235,"loc":{"start":{"line":235,"column":55},"end":{"line":235,"column":83}}},"13":{"name":"(anonymous_13)","line":254,"loc":{"start":{"line":254,"column":49},"end":{"line":254,"column":77}}},"14":{"name":"(anonymous_14)","line":273,"loc":{"start":{"line":273,"column":53},"end":{"line":273,"column":81}}},"15":{"name":"(anonymous_15)","line":291,"loc":{"start":{"line":291,"column":45},"end":{"line":291,"column":73}}},"16":{"name":"(anonymous_16)","line":307,"loc":{"start":{"line":307,"column":50},"end":{"line":307,"column":78}}},"17":{"name":"(anonymous_17)","line":328,"loc":{"start":{"line":328,"column":57},"end":{"line":328,"column":85}}},"18":{"name":"(anonymous_18)","line":344,"loc":{"start":{"line":344,"column":51},"end":{"line":344,"column":79}}},"19":{"name":"(anonymous_19)","line":371,"loc":{"start":{"line":371,"column":47},"end":{"line":371,"column":75}}},"20":{"name":"(anonymous_20)","line":395,"loc":{"start":{"line":395,"column":46},"end":{"line":395,"column":74}}},"21":{"name":"(anonymous_21)","line":413,"loc":{"start":{"line":413,"column":46},"end":{"line":413,"column":74}}},"22":{"name":"(anonymous_22)","line":430,"loc":{"start":{"line":430,"column":43},"end":{"line":430,"column":71}}},"23":{"name":"(anonymous_23)","line":453,"loc":{"start":{"line":453,"column":42},"end":{"line":453,"column":70}}},"24":{"name":"(anonymous_24)","line":472,"loc":{"start":{"line":472,"column":42},"end":{"line":472,"column":70}}},"25":{"name":"(anonymous_25)","line":489,"loc":{"start":{"line":489,"column":43},"end":{"line":489,"column":71}}},"26":{"name":"(anonymous_26)","line":505,"loc":{"start":{"line":505,"column":45},"end":{"line":505,"column":73}}},"27":{"name":"(anonymous_27)","line":527,"loc":{"start":{"line":527,"column":50},"end":{"line":527,"column":78}}},"28":{"name":"(anonymous_28)","line":547,"loc":{"start":{"line":547,"column":45},"end":{"line":547,"column":73}}},"29":{"name":"(anonymous_29)","line":568,"loc":{"start":{"line":568,"column":52},"end":{"line":568,"column":80}}},"30":{"name":"(anonymous_30)","line":588,"loc":{"start":{"line":588,"column":54},"end":{"line":588,"column":82}}},"31":{"name":"(anonymous_31)","line":609,"loc":{"start":{"line":609,"column":44},"end":{"line":609,"column":72}}},"32":{"name":"(anonymous_32)","line":625,"loc":{"start":{"line":625,"column":51},"end":{"line":625,"column":79}}},"33":{"name":"(anonymous_33)","line":642,"loc":{"start":{"line":642,"column":55},"end":{"line":642,"column":83}}},"34":{"name":"(anonymous_34)","line":661,"loc":{"start":{"line":661,"column":55},"end":{"line":661,"column":83}}},"35":{"name":"(anonymous_35)","line":679,"loc":{"start":{"line":679,"column":58},"end":{"line":679,"column":86}}},"36":{"name":"(anonymous_36)","line":699,"loc":{"start":{"line":699,"column":58},"end":{"line":699,"column":86}}},"37":{"name":"(anonymous_37)","line":720,"loc":{"start":{"line":720,"column":58},"end":{"line":720,"column":86}}},"38":{"name":"(anonymous_38)","line":736,"loc":{"start":{"line":736,"column":61},"end":{"line":736,"column":89}}},"39":{"name":"(anonymous_39)","line":755,"loc":{"start":{"line":755,"column":55},"end":{"line":755,"column":83}}},"40":{"name":"(anonymous_40)","line":772,"loc":{"start":{"line":772,"column":41},"end":{"line":772,"column":69}}},"41":{"name":"(anonymous_41)","line":793,"loc":{"start":{"line":793,"column":46},"end":{"line":793,"column":74}}},"42":{"name":"(anonymous_42)","line":810,"loc":{"start":{"line":810,"column":52},"end":{"line":810,"column":80}}},"43":{"name":"(anonymous_43)","line":827,"loc":{"start":{"line":827,"column":48},"end":{"line":827,"column":76}}},"44":{"name":"(anonymous_44)","line":847,"loc":{"start":{"line":847,"column":44},"end":{"line":847,"column":72}}},"45":{"name":"(anonymous_45)","line":865,"loc":{"start":{"line":865,"column":50},"end":{"line":865,"column":78}}},"46":{"name":"(anonymous_46)","line":886,"loc":{"start":{"line":886,"column":50},"end":{"line":886,"column":78}}},"47":{"name":"(anonymous_47)","line":904,"loc":{"start":{"line":904,"column":52},"end":{"line":904,"column":80}}},"48":{"name":"(anonymous_48)","line":925,"loc":{"start":{"line":925,"column":50},"end":{"line":925,"column":78}}},"49":{"name":"(anonymous_49)","line":944,"loc":{"start":{"line":944,"column":53},"end":{"line":944,"column":81}}},"50":{"name":"(anonymous_50)","line":963,"loc":{"start":{"line":963,"column":47},"end":{"line":963,"column":75}}},"51":{"name":"(anonymous_51)","line":987,"loc":{"start":{"line":987,"column":48},"end":{"line":987,"column":76}}},"52":{"name":"(anonymous_52)","line":1010,"loc":{"start":{"line":1010,"column":55},"end":{"line":1010,"column":83}}},"53":{"name":"(anonymous_53)","line":1028,"loc":{"start":{"line":1028,"column":55},"end":{"line":1028,"column":83}}},"54":{"name":"(anonymous_54)","line":1048,"loc":{"start":{"line":1048,"column":63},"end":{"line":1048,"column":91}}},"55":{"name":"(anonymous_55)","line":1069,"loc":{"start":{"line":1069,"column":63},"end":{"line":1069,"column":91}}},"56":{"name":"(anonymous_56)","line":1088,"loc":{"start":{"line":1088,"column":57},"end":{"line":1088,"column":85}}},"57":{"name":"(anonymous_57)","line":1105,"loc":{"start":{"line":1105,"column":52},"end":{"line":1105,"column":80}}},"58":{"name":"(anonymous_58)","line":1124,"loc":{"start":{"line":1124,"column":45},"end":{"line":1124,"column":73}}},"59":{"name":"(anonymous_59)","line":1143,"loc":{"start":{"line":1143,"column":46},"end":{"line":1143,"column":74}}},"60":{"name":"(anonymous_60)","line":1166,"loc":{"start":{"line":1166,"column":48},"end":{"line":1166,"column":76}}},"61":{"name":"(anonymous_61)","line":1189,"loc":{"start":{"line":1189,"column":50},"end":{"line":1189,"column":78}}},"62":{"name":"(anonymous_62)","line":1209,"loc":{"start":{"line":1209,"column":48},"end":{"line":1209,"column":76}}},"63":{"name":"(anonymous_63)","line":1228,"loc":{"start":{"line":1228,"column":48},"end":{"line":1228,"column":76}}},"64":{"name":"(anonymous_64)","line":1245,"loc":{"start":{"line":1245,"column":45},"end":{"line":1245,"column":73}}},"65":{"name":"(anonymous_65)","line":1267,"loc":{"start":{"line":1267,"column":53},"end":{"line":1267,"column":81}}},"66":{"name":"(anonymous_66)","line":1284,"loc":{"start":{"line":1284,"column":57},"end":{"line":1284,"column":85}}},"67":{"name":"(anonymous_67)","line":1301,"loc":{"start":{"line":1301,"column":51},"end":{"line":1301,"column":79}}},"68":{"name":"(anonymous_68)","line":1320,"loc":{"start":{"line":1320,"column":51},"end":{"line":1320,"column":79}}},"69":{"name":"(anonymous_69)","line":1338,"loc":{"start":{"line":1338,"column":48},"end":{"line":1338,"column":76}}},"70":{"name":"(anonymous_70)","line":1355,"loc":{"start":{"line":1355,"column":53},"end":{"line":1355,"column":81}}},"71":{"name":"(anonymous_71)","line":1375,"loc":{"start":{"line":1375,"column":42},"end":{"line":1375,"column":70}}},"72":{"name":"(anonymous_72)","line":1390,"loc":{"start":{"line":1390,"column":54},"end":{"line":1390,"column":82}}},"73":{"name":"(anonymous_73)","line":1409,"loc":{"start":{"line":1409,"column":52},"end":{"line":1409,"column":80}}},"74":{"name":"(anonymous_74)","line":1427,"loc":{"start":{"line":1427,"column":54},"end":{"line":1427,"column":82}}},"75":{"name":"(anonymous_75)","line":1446,"loc":{"start":{"line":1446,"column":44},"end":{"line":1446,"column":72}}},"76":{"name":"(anonymous_76)","line":1465,"loc":{"start":{"line":1465,"column":45},"end":{"line":1465,"column":73}}},"77":{"name":"(anonymous_77)","line":1482,"loc":{"start":{"line":1482,"column":53},"end":{"line":1482,"column":81}}},"78":{"name":"(anonymous_78)","line":1502,"loc":{"start":{"line":1502,"column":54},"end":{"line":1502,"column":82}}},"79":{"name":"(anonymous_79)","line":1520,"loc":{"start":{"line":1520,"column":51},"end":{"line":1520,"column":79}}},"80":{"name":"(anonymous_80)","line":1538,"loc":{"start":{"line":1538,"column":45},"end":{"line":1538,"column":73}}},"81":{"name":"(anonymous_81)","line":1556,"loc":{"start":{"line":1556,"column":57},"end":{"line":1556,"column":85}}},"82":{"name":"(anonymous_82)","line":1572,"loc":{"start":{"line":1572,"column":51},"end":{"line":1572,"column":79}}},"83":{"name":"(anonymous_83)","line":1589,"loc":{"start":{"line":1589,"column":45},"end":{"line":1589,"column":73}}},"84":{"name":"(anonymous_84)","line":1606,"loc":{"start":{"line":1606,"column":48},"end":{"line":1606,"column":76}}},"85":{"name":"(anonymous_85)","line":1623,"loc":{"start":{"line":1623,"column":55},"end":{"line":1623,"column":83}}},"86":{"name":"(anonymous_86)","line":1643,"loc":{"start":{"line":1643,"column":54},"end":{"line":1643,"column":82}}},"87":{"name":"(anonymous_87)","line":1660,"loc":{"start":{"line":1660,"column":49},"end":{"line":1660,"column":77}}},"88":{"name":"(anonymous_88)","line":1678,"loc":{"start":{"line":1678,"column":45},"end":{"line":1678,"column":73}}},"89":{"name":"(anonymous_89)","line":1695,"loc":{"start":{"line":1695,"column":46},"end":{"line":1695,"column":74}}},"90":{"name":"(anonymous_90)","line":1714,"loc":{"start":{"line":1714,"column":44},"end":{"line":1714,"column":72}}},"91":{"name":"(anonymous_91)","line":1732,"loc":{"start":{"line":1732,"column":46},"end":{"line":1732,"column":74}}},"92":{"name":"(anonymous_92)","line":1748,"loc":{"start":{"line":1748,"column":51},"end":{"line":1748,"column":79}}},"93":{"name":"(anonymous_93)","line":1770,"loc":{"start":{"line":1770,"column":44},"end":{"line":1770,"column":72}}},"94":{"name":"(anonymous_94)","line":1788,"loc":{"start":{"line":1788,"column":44},"end":{"line":1788,"column":72}}},"95":{"name":"(anonymous_95)","line":1804,"loc":{"start":{"line":1804,"column":45},"end":{"line":1804,"column":73}}},"96":{"name":"(anonymous_96)","line":1822,"loc":{"start":{"line":1822,"column":45},"end":{"line":1822,"column":73}}},"97":{"name":"(anonymous_97)","line":1839,"loc":{"start":{"line":1839,"column":46},"end":{"line":1839,"column":74}}},"98":{"name":"(anonymous_98)","line":1855,"loc":{"start":{"line":1855,"column":47},"end":{"line":1855,"column":75}}},"99":{"name":"(anonymous_99)","line":1876,"loc":{"start":{"line":1876,"column":43},"end":{"line":1876,"column":71}}},"100":{"name":"(anonymous_100)","line":1895,"loc":{"start":{"line":1895,"column":50},"end":{"line":1895,"column":78}}},"101":{"name":"(anonymous_101)","line":1913,"loc":{"start":{"line":1913,"column":50},"end":{"line":1913,"column":78}}},"102":{"name":"(anonymous_102)","line":1929,"loc":{"start":{"line":1929,"column":44},"end":{"line":1929,"column":72}}},"103":{"name":"(anonymous_103)","line":1944,"loc":{"start":{"line":1944,"column":49},"end":{"line":1944,"column":77}}},"104":{"name":"(anonymous_104)","line":1960,"loc":{"start":{"line":1960,"column":43},"end":{"line":1960,"column":71}}},"105":{"name":"(anonymous_105)","line":1979,"loc":{"start":{"line":1979,"column":43},"end":{"line":1979,"column":71}}},"106":{"name":"(anonymous_106)","line":1994,"loc":{"start":{"line":1994,"column":38},"end":{"line":1994,"column":66}}},"107":{"name":"(anonymous_107)","line":2011,"loc":{"start":{"line":2011,"column":38},"end":{"line":2011,"column":66}}},"108":{"name":"(anonymous_108)","line":2028,"loc":{"start":{"line":2028,"column":42},"end":{"line":2028,"column":70}}}},"statementMap":{"1":{"start":{"line":1,"column":0},"end":{"line":1,"column":28}},"2":{"start":{"line":2,"column":0},"end":{"line":2,"column":33}},"3":{"start":{"line":3,"column":0},"end":{"line":3,"column":35}},"4":{"start":{"line":13,"column":0},"end":{"line":26,"column":1}},"5":{"start":{"line":15,"column":1},"end":{"line":15,"column":25}},"6":{"start":{"line":17,"column":1},"end":{"line":17,"column":26}},"7":{"start":{"line":18,"column":1},"end":{"line":18,"column":27}},"8":{"start":{"line":19,"column":1},"end":{"line":19,"column":40}},"9":{"start":{"line":20,"column":1},"end":{"line":20,"column":38}},"10":{"start":{"line":21,"column":1},"end":{"line":21,"column":39}},"11":{"start":{"line":22,"column":1},"end":{"line":22,"column":57}},"12":{"start":{"line":23,"column":1},"end":{"line":23,"column":52}},"13":{"start":{"line":24,"column":1},"end":{"line":24,"column":48}},"14":{"start":{"line":28,"column":0},"end":{"line":28,"column":35}},"15":{"start":{"line":41,"column":0},"end":{"line":62,"column":2}},"16":{"start":{"line":43,"column":1},"end":{"line":43,"column":44}},"17":{"start":{"line":44,"column":1},"end":{"line":44,"column":18}},"18":{"start":{"line":46,"column":1},"end":{"line":50,"column":2}},"19":{"start":{"line":47,"column":2},"end":{"line":47,"column":36}},"20":{"start":{"line":48,"column":2},"end":{"line":49,"column":57}},"21":{"start":{"line":49,"column":3},"end":{"line":49,"column":57}},"22":{"start":{"line":52,"column":1},"end":{"line":60,"column":4}},"23":{"start":{"line":59,"column":2},"end":{"line":59,"column":67}},"24":{"start":{"line":78,"column":0},"end":{"line":99,"column":2}},"25":{"start":{"line":80,"column":1},"end":{"line":83,"column":2}},"26":{"start":{"line":81,"column":2},"end":{"line":81,"column":20}},"27":{"start":{"line":82,"column":2},"end":{"line":82,"column":14}},"28":{"start":{"line":85,"column":1},"end":{"line":88,"column":2}},"29":{"start":{"line":86,"column":2},"end":{"line":86,"column":93}},"30":{"start":{"line":87,"column":2},"end":{"line":87,"column":9}},"31":{"start":{"line":90,"column":1},"end":{"line":90,"column":59}},"32":{"start":{"line":92,"column":1},"end":{"line":97,"column":2}},"33":{"start":{"line":93,"column":2},"end":{"line":93,"column":39}},"34":{"start":{"line":95,"column":2},"end":{"line":95,"column":73}},"35":{"start":{"line":96,"column":2},"end":{"line":96,"column":9}},"36":{"start":{"line":111,"column":0},"end":{"line":121,"column":2}},"37":{"start":{"line":112,"column":1},"end":{"line":115,"column":2}},"38":{"start":{"line":113,"column":2},"end":{"line":113,"column":20}},"39":{"start":{"line":114,"column":2},"end":{"line":114,"column":14}},"40":{"start":{"line":117,"column":1},"end":{"line":120,"column":22}},"41":{"start":{"line":129,"column":0},"end":{"line":142,"column":2}},"42":{"start":{"line":130,"column":1},"end":{"line":133,"column":2}},"43":{"start":{"line":131,"column":2},"end":{"line":131,"column":20}},"44":{"start":{"line":132,"column":2},"end":{"line":132,"column":14}},"45":{"start":{"line":135,"column":1},"end":{"line":141,"column":22}},"46":{"start":{"line":150,"column":0},"end":{"line":159,"column":2}},"47":{"start":{"line":151,"column":1},"end":{"line":154,"column":2}},"48":{"start":{"line":152,"column":2},"end":{"line":152,"column":20}},"49":{"start":{"line":153,"column":2},"end":{"line":153,"column":14}},"50":{"start":{"line":156,"column":1},"end":{"line":158,"column":22}},"51":{"start":{"line":166,"column":0},"end":{"line":179,"column":2}},"52":{"start":{"line":167,"column":1},"end":{"line":170,"column":2}},"53":{"start":{"line":168,"column":2},"end":{"line":168,"column":20}},"54":{"start":{"line":169,"column":2},"end":{"line":169,"column":14}},"55":{"start":{"line":172,"column":1},"end":{"line":178,"column":22}},"56":{"start":{"line":186,"column":0},"end":{"line":195,"column":2}},"57":{"start":{"line":187,"column":1},"end":{"line":190,"column":2}},"58":{"start":{"line":188,"column":2},"end":{"line":188,"column":20}},"59":{"start":{"line":189,"column":2},"end":{"line":189,"column":14}},"60":{"start":{"line":192,"column":1},"end":{"line":194,"column":22}},"61":{"start":{"line":202,"column":0},"end":{"line":211,"column":2}},"62":{"start":{"line":203,"column":1},"end":{"line":206,"column":2}},"63":{"start":{"line":204,"column":2},"end":{"line":204,"column":20}},"64":{"start":{"line":205,"column":2},"end":{"line":205,"column":14}},"65":{"start":{"line":208,"column":1},"end":{"line":210,"column":22}},"66":{"start":{"line":218,"column":0},"end":{"line":227,"column":2}},"67":{"start":{"line":219,"column":1},"end":{"line":222,"column":2}},"68":{"sta
[...]
 callback);","}","","/**"," * Return more detailed information about a single tag, including aggregates of"," * recent stats."," *"," * @see https://mandrillapp.com/api/docs/tags.html#method=info"," */","MandrillAPI_v1_0.prototype.tags_info = function (params, callback) {","\tif (typeof params == 'function') callback = params, params = {};","\tthis.execute('tags/info', [","\t\t'tag',","\t], params, callback);","}","","/**"," * Return the recent history (hourly stats for the last 30 days) for a tag."," *"," * @see https://mandrillapp.com/api/docs/tags.html#method=time-series"," */","MandrillAPI_v1_0.prototype.tags_time_series = function (params, callback) {","\tif (typeof params == 'function') callback = params, params = {};","\tthis.execute('tags/time-series', [","\t\t'tag',","\t], params, callback);","}","","/**"," * Return the recent history (hourly stats for the last 30 days) for all tags."," *"," * @see https://mandrillapp.com/api/docs/tags.html#method=all-time-series"," */","MandrillAPI_v1_0.prototype.tags_all_time_series = function (params, callback) {","\tif (typeof params == 'function') callback = params, params = {};","\tthis.execute('tags/all-time-series', [","\t], params, callback);","}","","/*****************************************************************************/","/******************************* Rejects Calls *******************************/","/*****************************************************************************/","","/**"," * Adds an email to your email rejection blacklist. Addresses that you add"," * manually will never expire and there is no reputation penalty for removing"," * them from your blacklist. Attempting to blacklist an address that has been"," * whitelisted will have no effect."," *"," * @see https://mandrillapp.com/api/docs/rejects.html#method=add"," */","MandrillAPI_v1_0.prototype.rejects_add = function (params, callback) {","\tif (typeof params == 'function') callback = params, params = {};","\tthis.execute('rejects/add', [","\t\t'email',","\t], params, callback);","}","","/**"," * Retrieves your email rejection blacklist. You can provide an email address"," * to limit the results. Returns up to 1000 results. By default, entries that"," * have expired are excluded from the results; set include_expired to true to"," * include them."," *"," * @see https://mandrillapp.com/api/docs/rejects.html#method=list"," */","MandrillAPI_v1_0.prototype.rejects_list = function (params, callback) {","\tif (typeof params == 'function') callback = params, params = {};","\tthis.execute('rejects/list', [","\t\t'email',","\t\t'include_expired',","\t], params, callback);","}","","/**"," * Deletes an email rejection. There is no limit to how many rejections you can"," * remove from your blacklist, but keep in mind that each deletion has an"," * affect on your reputation."," *"," * @see https://mandrillapp.com/api/docs/rejects.html#method=delete"," */","MandrillAPI_v1_0.prototype.rejects_delete = function (params, callback) {","\tif (typeof params == 'function') callback = params, params = {};","\tthis.execute('rejects/delete', [","\t\t'email',","\t], params, callback);","}","","/*****************************************************************************/","/***************************** Whitelists Calls ******************************/","/*****************************************************************************/","","/**"," * Adds an email to your email rejection whitelist. If the address is currently"," * on your blacklist, that blacklist entry will be removed automatically."," *"," * @see https://mandrillapp.com/api/docs/whitelists.html#method=add"," */","MandrillAPI_v1_0.prototype.whitelists_add = function (params, callback) {","\tif (typeof params == 'function') callback = params, params = {};","\tthis.execute('whitelists/add', [","\t\t'email',","\t], params, callback);","}","","/**"," * Retrieves your email rejection whitelist. You can provide an email address"," * or search prefix to limit the results. Returns up to 1000 results."," *"," * @see https://mandrillapp.com/api/docs/whitelists.html#method=list"," */","MandrillAPI_v1_0.prototype.whitelists_list = function (params, callback) {","\tif (typeof params == 'function') callback = params, params = {};","\tthis.execute('whitelists/list', [","\t\t'email',","\t], params, callback);","}","","/**"," * Removes an email address from the whitelist."," *"," * @see https://mandrillapp.com/api/docs/whitelists.html#method=delete"," */","MandrillAPI_v1_0.prototype.whitelists_delete = function (params, callback) {","\tif (typeof params == 'function') callback = params, params = {};","\tthis.execute('whitelists/delete', [","\t\t'email',","\t], params, callback);","}","","/*****************************************************************************/","/******************************* Senders Calls *******************************/","/*****************************************************************************/","","/**"," * Return the senders that have tried to use this account."," *"," * @see https://mandrillapp.com/api/docs/senders.html#method=list"," */","MandrillAPI_v1_0.prototype.senders_list = function (params, callback) {","\tif (typeof params == 'function') callback = params, params = {};","\tthis.execute('senders/list', [","\t], params, callback);","}","","/**"," * Returns the sender domains that have been added to this account."," *"," * @see https://mandrillapp.com/api/docs/senders.html#method=domains"," */","MandrillAPI_v1_0.prototype.senders_domains = function (params, callback) {","\tif (typeof params == 'function') callback = params, params = {};","\tthis.execute('senders/domains', [","\t], params, callback);","}","","/**"," * Return more detailed information about a single sender, including aggregates"," * of recent stats."," *"," * @see https://mandrillapp.com/api/docs/senders.html#method=info"," */","MandrillAPI_v1_0.prototype.senders_info = function (params, callback) {","\tif (typeof params == 'function') callback = params, params = {};","\tthis.execute('senders/info', [","\t\t'address',","\t], params, callback);","}","","/**"," * Return the recent history (hourly stats for the last 30 days) for a sender."," *"," * @see https://mandrillapp.com/api/docs/senders.html#method=time-series"," */","MandrillAPI_v1_0.prototype.senders_time_series = function (params, callback) {","\tif (typeof params == 'function') callback = params, params = {};","\tthis.execute('senders/time-series', [","\t\t'address',","\t], params, callback);","}","","/*****************************************************************************/","/********************************* Urls Calls ********************************/","/*****************************************************************************/","","/**"," * Get the 100 most clicked URLs."," *"," * @see https://mandrillapp.com/api/docs/urls.html#method=list"," */","MandrillAPI_v1_0.prototype.urls_list = function (params, callback) {","\tif (typeof params == 'function') callback = params, params = {};","\tthis.execute('urls/list', [","\t], params, callback);","}","","/**"," * Return the 100 most clicked URLs that match the search query given."," *"," * @see https://mandrillapp.com/api/docs/urls.html#method=search"," */","MandrillAPI_v1_0.prototype.urls_search = function (params, callback) {","\tif (typeof params == 'function') callback = params, params = {};","\tthis.execute('urls/search', [","\t\t'q',","\t], params, callback);","}","","/**"," * Return the recent history (hourly stats for the last 30 days) for a url."," *"," * @see https://mandrillapp.com/api/docs/urls.html#method=time-series"," */","MandrillAPI_v1_0.prototype.urls_time_series = function (params, callback) {","\tif (typeof params == 'function') callback = params, params = {};","\tthis.execute('urls/time-series', [","\t\t'url',","\t], params, callback);","}","","/*****************************************************************************/","/****************************** Templates Calls ******************************/","/*****************************************************************************/","","/**"," * Add a new template."," *"," * @see https://mandrillapp.com/api/docs/templates.html#method=add"," */","MandrillAPI_v1_0.prototype.templates_add = function (params, callback) {","\tif (typeof params == 'function') callback = params, params = {};","\tthis.execute('templates/add', [","\t\t'name',","\t\t'from_email',","\t\t'from_name',","\t\t'subject',","\t\t'code',","\t\t'text',","\t\t'publish',","\t], params, callback);","}","","/**"," * Get the information for an existing template."," *"," * @see https://mandrillapp.com/api/docs/templates.html#method=info"," */","MandrillAPI_v1_0.prototype.templates_info = function (params, callback) {","\tif (typeof params == 'function') callback = params, params = {};","\tthis.execute('templates/info', [","\t\t'name',","\t], params, callback);","}","","/**"," * Update the code for an existing template. If null is provided for any"," * fields, the values will remain unchanged."," *"," * @see https://mandrillapp.com/api/docs/templates.html#method=update"," */","MandrillAPI_v1_0.prototype.templates_update = function (params, callback) {","\tif (typeof params == 'function') callback = params, params = {};","\tthis.execute('templates/update', [","\t\t'name',","\t\t'from_email',","\t\t'from_name',","\t\t'subject',","\t\t'code',","\t\t'text',","\t\t'publish',","\t], params, callback);","}","","/**"," * Publish the content for the template. Any new messages sent using this"," * template will start using the content that was previously in draft."," *"," * @see https://mandrillapp.com/api/docs/templates.html#method=publish"," */","MandrillAPI_v1_0.prototype.templates_publish = function (params, callback) {","\tif (typeof params == 'function') callback = params, params = {};","\tthis.execute('templates/publish', [","\t\t'name',","\t], params, callback);","}","","/**"," * Delete a template."," *"," * @see https://mandrillapp.com/api/docs/templates.html#method=delete"," */","MandrillAPI_v1_0.prototype.templates_delete = function (params, callback) {","\tif (typeof params == 'function') callback = params, params = {};","\tthis.execute('templates/delete', [","\t\t'name',","\t], params, callback);","}","","/**"," * Return a list of all the templates available to this user."," *"," * @see https://mandrillapp.com/api/docs/templates.html#method=list"," */","MandrillAPI_v1_0.prototype.templates_list = function (params, callback) {","\tif (typeof params == 'function') callback = params, params = {};","\tthis.execute('templates/list', [","\t], params, callback);","}","","/**"," * Return the recent history (hourly stats for the last 30 days) for a"," * template."," *"," * @see https://mandrillapp.com/api/docs/templates.html#method=time-series"," */","MandrillAPI_v1_0.prototype.templates_time_series = function (params, callback) {","\tif (typeof params == 'function') callback = params, params = {};","\tthis.execute('templates/time-series', [","\t\t'name',","\t], params, callback);","}","","/**"," * Inject content and optionally merge fields into a template, returning the"," * HTML that results."," *"," * @see https://mandrillapp.com/api/docs/templates.html#method=render"," */","MandrillAPI_v1_0.prototype.templates_render = function (params, callback) {","\tif (typeof params == 'function') callback = params, params = {};","\tthis.execute('templates/render', [","\t\t'template_name',","\t\t'template_content',","\t\t'merge_vars',","\t], params, callback);","}","","/*****************************************************************************/","/******************************* Webhooks Calls ******************************/","/*****************************************************************************/","","/**"," * Get the list of all webhooks defined on the account."," *"," * @see https://mandrillapp.com/api/docs/webhooks.html#method=list"," */","MandrillAPI_v1_0.prototype.webhooks_list = function (params, callback) {","\tif (typeof params == 'function') callback = params, params = {};","\tthis.execute('webhooks/list', [","\t], params, callback);","}","","/**"," * Add a new webhook."," *"," * @see https://mandrillapp.com/api/docs/webhooks.html#method=add"," */","MandrillAPI_v1_0.prototype.webhooks_add = function (params, callback) {","\tif (typeof params == 'function') callback = params, params = {};","\tthis.execute('webhooks/add', [","\t\t'url',","\t\t'description',","\t\t'events',","\t], params, callback);","}","","/**"," * Given the ID of an existing webhook, return the data about it."," *"," * @see https://mandrillapp.com/api/docs/webhooks.html#method=info"," */","MandrillAPI_v1_0.prototype.webhooks_info = function (params, callback) {","\tif (typeof params == 'function') callback = params, params = {};","\tthis.execute('webhooks/info', [","\t\t'id',","\t], params, callback);","}","","/**"," * Update an existing webhook."," *"," * @see https://mandrillapp.com/api/docs/webhooks.html#method=update"," */","MandrillAPI_v1_0.prototype.webhooks_update = function (params, callback) {","\tif (typeof params == 'function') callback = params, params = {};","\tthis.execute('webhooks/update', [","\t\t'id',","\t\t'url',","\t\t'description',","\t\t'events',","\t], params, callback);","}","","/**"," * Delete an existing webhook."," *"," * @see https://mandrillapp.com/api/docs/webhooks.html#method=delete"," */","MandrillAPI_v1_0.prototype.webhooks_update = function (params, callback) {","\tif (typeof params == 'function') callback = params, params = {};","\tthis.execute('webhooks/delete', [","\t\t'id',","\t], params, callback);","}","","/*****************************************************************************/","/******************************* Inbound Calls *******************************/","/*****************************************************************************/","","/**"," * List the domains that have been configured for inbound delivery."," *"," * @see https://mandrillapp.com/api/docs/inbound.html#method=domains"," */","MandrillAPI_v1_0.prototype.inbound_domains = function (params, callback) {","\tif (typeof params == 'function') callback = params, params = {};","\tthis.execute('inbound/domains', [","\t\t'domain',","\t], params, callback);","}","","/**"," * List the mailbox routes defined for an inbound domain."," *"," * @see https://mandrillapp.com/api/docs/inbound.html#method=routes"," */","MandrillAPI_v1_0.prototype.inbound_routes = function (params, callback) {","\tif (typeof params == 'function') callback = params, params = {};","\tthis.execute('inbound/routes', [","\t\t'domain',","\t], params, callback);","}","","/**"," * Take a raw MIME document destined for a domain with inbound domains set up,"," * and send it to the inbound hook exactly as if it had been sent over SMTP."," *"," * @see https://mandrillapp.com/api/docs/inbound.html#method=send-raw"," */","MandrillAPI_v1_0.prototype.inbound_send_raw = function (params, callback) {","\tif (typeof params == 'function') callback = params, params = {};","\tthis.execute('inbound/send-raw', [","\t\t'raw_message',","\t\t'to',","\t\t'mail_from',","\t\t'helo',","\t\t'client_address',","\t], params, callback);","}","","/*****************************************************************************/","/******************************* Exports Calls *******************************/","/*****************************************************************************/","","/**"," * Returns information about an export job. If the export job's state is"," * 'complete', the returned data will include a URL you can use to fetch the"," * results. Every export job produces a zip archive, but the format of the"," * archive is distinct for each job type. The api calls that initiate exports"," * include more details about the output format for that job type."," *"," * @see https://mandrillapp.com/api/docs/exports.html#method=info"," */","MandrillAPI_v1_0.prototype.exports_info = function (params, callback) {","\tif (typeof params == 'function') callback = params, params = {};","\tthis.execute('exports/info', [","\t\t'id',","\t], params, callback);","}","","/**"," * Returns a list of your exports."," *"," * @see https://mandrillapp.com/api/docs/exports.html#method=list"," */","MandrillAPI_v1_0.prototype.exports_list = function (params, callback) {","\tif (typeof params == 'function') callback = params, params = {};","\tthis.execute('exports/list', [","\t], params, callback);","}","","/**"," * Begins an export of your rejection blacklist. The blacklist will be exported"," * to a zip archive containing a single file named rejects.csv that includes"," * the following fields: email, reason, detail, created_at, expires_at,"," * last_event_at, expires_at."," *"," * @see https://mandrillapp.com/api/docs/exports.html#method=rejects"," */","MandrillAPI_v1_0.prototype.exports_rejects = function (params, callback) {","\tif (typeof params == 'function') callback = params, params = {};","\tthis.execute('exports/rejects', [","\t\t'notify_email',","\t], params, callback);","}","","/**"," * Begins an export of your rejection whitelist. The whitelist will be exported"," * to a zip archive containing a single file named whitelist.csv that includes"," * the following fields: email, detail, created_at."," *"," * @see https://mandrillapp.com/api/docs/exports.html#method=whitelist"," */","MandrillAPI_v1_0.prototype.exports_whitelist = function (params, callback) {","\tif (typeof params == 'function') callback = params, params = {};","\tthis.execute('exports/whitelist', [","\t\t'notify_email',","\t], params, callback);","}","","/**"," * Begins an export of your activity history. The activity will be exported to"," * a zaip archive containing a single file named activity.csv in the same"," * format as you would be able to export from your account's activity view. It"," * includes the following fields: Date, Email Address, Sender, Subject, Status,"," * Tags, Opens, Clicks, Bounce Detail. If you have configured any custom"," * metadata fields, they will be included in the exported data."," *"," * @see https://mandrillapp.com/api/docs/exports.html#method=activity"," */","MandrillAPI_v1_0.prototype.exports_activity = function (params, callback) {","\tif (typeof params == 'function') callback = params, params = {};","\tthis.execute('exports/activity', [","\t\t'notify_email',","\t\t'date_from',","\t\t'date_to',","\t\t'tags',","\t\t'senders',","\t\t'states',","\t], params, callback);","}"],"l":{"1":1,"13":1,"15":0,"16":0,"18":0,"19":0,"20":0,"21":0,"22":0,"23":0,"24":0,"28":1,"41":1,"43":0,"44":0,"46":0,"47":0,"48":0,"49":0,"52":0,"61":0,"62":0,"63":0,"66":0,"67":0,"69":0,"70":0,"73":0,"74":0,"75":0,"78":0,"99":1,"101":0,"103":0,"104":0,"105":0,"108":0,"110":0,"111":0,"113":0,"114":0,"128":1,"129":0,"130":0,"139":1,"140":0,"141":0,"150":1,"151":0,"152":0,"162":1,"163":0,"164":0,"177":1,"178":0,"179":0,"190":1,"191":0,"192":0,"206":1,"207":0,"208":0,"224":1,"225":0,"226":0,"237":1,"238":0,"239":0,"257":1,"258":0,"259":0,"270":1,"271":0,"272":0,"283":1,"284":0,"285":0,"295":1,"296":0,"297":0,"307":1,"308":0,"309":0,"325":1,"326":0,"327":0,"340":1,"341":0,"342":0,"355":1,"356":0,"357":0,"372":1,"373":0,"374":0,"385":1,"386":0,"387":0,"397":1,"398":0,"399":0,"413":1,"414":0,"415":0,"424":1,"425":0,"426":0,"436":1,"437":0,"438":0,"448":1,"449":0,"450":0,"464":1,"465":0,"466":0,"475":1,"476":0,"477":0,"487":1,"488":0,"489":0,"503":1,"504":0,"505":0,"521":1,"522":0,"523":0,"534":1,"535":0,"536":0,"553":1,"554":0,"555":0,"565":1,"566":0,"567":0,"577":1,"578":0,"579":0,"589":1,"590":0,"591":0,"602":1,"603":0,"604":0,"620":1,"621":0,"622":0,"631":1,"632":0,"633":0,"645":1,"646":0,"647":0,"657":1,"658":0,"659":0,"672":1,"673":0,"674":0,"688":1,"689":0,"690":0,"700":1,"701":0,"702":0,"713":1,"714":0,"715":0,"737":1,"738":0,"739":0,"749":1,"750":0,"751":0,"763":1,"764":0,"765":0,"777":1,"778":0,"779":0,"794":1,"795":0,"796":0}}}